[ 2017-05-21T17:18:49+08:00 ] ::1 ::1 GET /project/iotstudio/
[ log ] localhost/project/iotstudio/ [运行时间：1.869337s][吞吐率：0.53req/s] [内存消耗：3,675.72kb] [文件加载：53]
[ info ] [ LANG ] D:\wamp64\www\project\iotstudio\thinkphp\lang\zh-cn.php
[ info ] [ ROUTE ] array (
  'type' => 'module',
  'module' => 
  array (
    0 => '',
    1 => NULL,
    2 => NULL,
  ),
)
[ info ] [ HEADER ] array (
  'host' => 'localhost',
  'connection' => 'keep-alive',
  'upgrade-insecure-requests' => '1',
  'user-agent' => 'Mozilla/5.0 (Windows NT 10.0; Win64; x64) AppleWebKit/537.36 (KHTML, like Gecko) Chrome/58.0.3029.110 Safari/537.36',
  'accept' => 'text/html,application/xhtml+xml,application/xml;q=0.9,image/webp,*/*;q=0.8',
  'accept-encoding' => 'gzip, deflate, sdch, br',
  'accept-language' => 'zh-CN,zh;q=0.8',
  'cookie' => 'Phpstorm-5547fa09=783ade7a-de49-4ae0-b7a2-0e4ea33c1bea; Phpstorm-bd2926e8=857be1c2-e28b-476d-b13e-3a6d848fae47; pgv_pvi=2761342976; _ga=GA1.1.1437015703.1490101787',
)
[ info ] [ PARAM ] array (
)
[ info ] [ RUN ] app\index\controller\Index->index[ D:\wamp64\www\project\iotstudio\application\index\controller\Index.php ]
[ info ] [ DB ] INIT mysql
[ info ] [ DB ] INIT mysql
[ info ] [ DB ] INIT mysql
[ info ] [ VIEW ] D:\wamp64\www\project\iotstudio/application/index\view\index\index.html [ array (
  0 => 'trends',
  1 => 'essays',
  2 => 'notice',
) ]
[ info ] [ LOG ] INIT File
[ sql ] [ DB ] CONNECT:[ UseTime:0.013115s ] mysql:dbname=iotstudio;host=127.0.0.1;port=3306;charset=utf8
[ sql ] [ SQL ] SHOW COLUMNS FROM `trend` [ RunTime:0.073587s ]
[ sql ] [ SQL ] SELECT * FROM `trend` ORDER BY id desc LIMIT 5 [ RunTime:0.000970s ]
[ sql ] [ DB ] CONNECT:[ UseTime:0.000876s ] mysql:dbname=iotstudio;host=127.0.0.1;port=3306;charset=utf8
[ sql ] [ SQL ] SHOW COLUMNS FROM `essay` [ RunTime:0.036549s ]
[ sql ] [ SQL ] SELECT * FROM `essay` ORDER BY id desc LIMIT 5 [ RunTime:0.002190s ]
[ sql ] [ DB ] CONNECT:[ UseTime:0.001092s ] mysql:dbname=iotstudio;host=127.0.0.1;port=3306;charset=utf8
[ sql ] [ SQL ] SHOW COLUMNS FROM `notice` [ RunTime:0.028185s ]
[ sql ] [ SQL ] SELECT * FROM `notice` ORDER BY id desc LIMIT 1 [ RunTime:0.000452s ]

---------------------------------------------------------------
[ 2017-05-21T17:19:39+08:00 ] ::1 ::1 POST /project/iotstudio/index/index/login.html
[ log ] localhost/project/iotstudio/index/index/login.html [运行时间：0.264530s][吞吐率：3.78req/s] [内存消耗：3,289.60kb] [文件加载：55]
[ info ] [ LANG ] D:\wamp64\www\project\iotstudio\thinkphp\lang\zh-cn.php
[ info ] [ ROUTE ] array (
  'type' => 'module',
  'module' => 
  array (
    0 => 'index',
    1 => 'index',
    2 => 'login',
  ),
)
[ info ] [ HEADER ] array (
  'host' => 'localhost',
  'connection' => 'keep-alive',
  'content-length' => '29',
  'cache-control' => 'max-age=0',
  'origin' => 'http://localhost',
  'upgrade-insecure-requests' => '1',
  'user-agent' => 'Mozilla/5.0 (Windows NT 10.0; Win64; x64) AppleWebKit/537.36 (KHTML, like Gecko) Chrome/58.0.3029.110 Safari/537.36',
  'content-type' => 'application/x-www-form-urlencoded',
  'accept' => 'text/html,application/xhtml+xml,application/xml;q=0.9,image/webp,*/*;q=0.8',
  'referer' => 'http://localhost/project/iotstudio/',
  'accept-encoding' => 'gzip, deflate, br',
  'accept-language' => 'zh-CN,zh;q=0.8',
  'cookie' => 'Phpstorm-5547fa09=783ade7a-de49-4ae0-b7a2-0e4ea33c1bea; Phpstorm-bd2926e8=857be1c2-e28b-476d-b13e-3a6d848fae47; pgv_pvi=2761342976; _ga=GA1.1.1437015703.1490101787',
)
[ info ] [ PARAM ] array (
  'account' => 'admin',
  'password' => '123456',
)
[ info ] [ RUN ] app\index\controller\Index->login[ D:\wamp64\www\project\iotstudio\application\index\controller\Index.php ]
[ info ] [ DB ] INIT mysql
[ info ] [ VIEW ] D:\wamp64\www\project\iotstudio/application/index\view\public\dispatch_jump.html [ array (
  0 => 'code',
  1 => 'msg',
  2 => 'data',
  3 => 'url',
  4 => 'wait',
) ]
[ info ] [ LOG ] INIT File
[ sql ] [ DB ] CONNECT:[ UseTime:0.000852s ] mysql:dbname=iotstudio;host=127.0.0.1;port=3306;charset=utf8
[ sql ] [ SQL ] SHOW COLUMNS FROM `admin` [ RunTime:0.092961s ]
[ sql ] [ SQL ] SELECT * FROM `admin` WHERE  `account` = 'admin' LIMIT 1 [ RunTime:0.000532s ]

---------------------------------------------------------------
[ 2017-05-21T17:19:40+08:00 ] ::1 ::1 GET /project/iotstudio/index/cms/index.html
[ log ] localhost/project/iotstudio/index/cms/index.html [运行时间：0.234902s][吞吐率：4.26req/s] [内存消耗：3,592.55kb] [文件加载：57]
[ info ] [ LANG ] D:\wamp64\www\project\iotstudio\thinkphp\lang\zh-cn.php
[ info ] [ ROUTE ] array (
  'type' => 'module',
  'module' => 
  array (
    0 => 'index',
    1 => 'cms',
    2 => 'index',
  ),
)
[ info ] [ HEADER ] array (
  'host' => 'localhost',
  'connection' => 'keep-alive',
  'upgrade-insecure-requests' => '1',
  'user-agent' => 'Mozilla/5.0 (Windows NT 10.0; Win64; x64) AppleWebKit/537.36 (KHTML, like Gecko) Chrome/58.0.3029.110 Safari/537.36',
  'accept' => 'text/html,application/xhtml+xml,application/xml;q=0.9,image/webp,*/*;q=0.8',
  'referer' => 'http://localhost/project/iotstudio/index/index/login.html',
  'accept-encoding' => 'gzip, deflate, sdch, br',
  'accept-language' => 'zh-CN,zh;q=0.8',
  'cookie' => 'Phpstorm-5547fa09=783ade7a-de49-4ae0-b7a2-0e4ea33c1bea; Phpstorm-bd2926e8=857be1c2-e28b-476d-b13e-3a6d848fae47; pgv_pvi=2761342976; _ga=GA1.1.1437015703.1490101787; admin=admin',
)
[ info ] [ PARAM ] array (
)
[ info ] [ RUN ] app\index\controller\Cms->index[ D:\wamp64\www\project\iotstudio\application\index\controller\Cms.php ]
[ info ] [ DB ] INIT mysql
[ info ] [ VIEW ] D:\wamp64\www\project\iotstudio/application/index\view\cms\index.html [ array (
  0 => 'admin',
  1 => 'trends',
) ]
[ info ] [ LOG ] INIT File
[ sql ] [ DB ] CONNECT:[ UseTime:0.000863s ] mysql:dbname=iotstudio;host=127.0.0.1;port=3306;charset=utf8
[ sql ] [ SQL ] SHOW COLUMNS FROM `trend` [ RunTime:0.001187s ]
[ sql ] [ SQL ] SELECT COUNT(*) AS tp_count FROM `trend` LIMIT 1 [ RunTime:0.000362s ]
[ sql ] [ SQL ] SELECT * FROM `trend` ORDER BY id desc LIMIT 0,10 [ RunTime:0.012130s ]

---------------------------------------------------------------
[ 2017-05-21T17:19:42+08:00 ] ::1 ::1 GET /project/iotstudio/index/cms/publication.html
[ log ] localhost/project/iotstudio/index/cms/publication.html [运行时间：0.148168s][吞吐率：6.75req/s] [内存消耗：3,431.02kb] [文件加载：57]
[ info ] [ LANG ] D:\wamp64\www\project\iotstudio\thinkphp\lang\zh-cn.php
[ info ] [ ROUTE ] array (
  'type' => 'module',
  'module' => 
  array (
    0 => 'index',
    1 => 'cms',
    2 => 'publication',
  ),
)
[ info ] [ HEADER ] array (
  'host' => 'localhost',
  'connection' => 'keep-alive',
  'upgrade-insecure-requests' => '1',
  'user-agent' => 'Mozilla/5.0 (Windows NT 10.0; Win64; x64) AppleWebKit/537.36 (KHTML, like Gecko) Chrome/58.0.3029.110 Safari/537.36',
  'accept' => 'text/html,application/xhtml+xml,application/xml;q=0.9,image/webp,*/*;q=0.8',
  'referer' => 'http://localhost/project/iotstudio/index/cms/index.html',
  'accept-encoding' => 'gzip, deflate, sdch, br',
  'accept-language' => 'zh-CN,zh;q=0.8',
  'cookie' => 'Phpstorm-5547fa09=783ade7a-de49-4ae0-b7a2-0e4ea33c1bea; Phpstorm-bd2926e8=857be1c2-e28b-476d-b13e-3a6d848fae47; pgv_pvi=2761342976; _ga=GA1.1.1437015703.1490101787; admin=admin',
)
[ info ] [ PARAM ] array (
)
[ info ] [ RUN ] app\index\controller\Cms->publication[ D:\wamp64\www\project\iotstudio\application\index\controller\Cms.php ]
[ info ] [ DB ] INIT mysql
[ info ] [ VIEW ] D:\wamp64\www\project\iotstudio/application/index\view\cms\publication.html [ array (
  0 => 'admin',
  1 => 'publications',
) ]
[ info ] [ LOG ] INIT File
[ sql ] [ DB ] CONNECT:[ UseTime:0.000956s ] mysql:dbname=iotstudio;host=127.0.0.1;port=3306;charset=utf8
[ sql ] [ SQL ] SHOW COLUMNS FROM `publication` [ RunTime:0.078121s ]
[ sql ] [ SQL ] SELECT COUNT(*) AS tp_count FROM `publication` LIMIT 1 [ RunTime:0.000288s ]
[ sql ] [ SQL ] SELECT * FROM `publication` ORDER BY id desc LIMIT 0,10 [ RunTime:0.000381s ]

---------------------------------------------------------------
[ 2017-05-21T17:20:02+08:00 ] ::1 ::1 GET /project/iotstudio/index/cms/change.html?type=publication&id=1
[ log ] localhost/project/iotstudio/index/cms/change.html?type=publication&id=1 [运行时间：0.237410s][吞吐率：4.21req/s] [内存消耗：3,631.53kb] [文件加载：56]
[ info ] [ LANG ] D:\wamp64\www\project\iotstudio\thinkphp\lang\zh-cn.php
[ info ] [ ROUTE ] array (
  'type' => 'module',
  'module' => 
  array (
    0 => 'index',
    1 => 'cms',
    2 => 'change',
  ),
)
[ info ] [ HEADER ] array (
  'host' => 'localhost',
  'connection' => 'keep-alive',
  'upgrade-insecure-requests' => '1',
  'user-agent' => 'Mozilla/5.0 (Windows NT 10.0; Win64; x64) AppleWebKit/537.36 (KHTML, like Gecko) Chrome/58.0.3029.110 Safari/537.36',
  'accept' => 'text/html,application/xhtml+xml,application/xml;q=0.9,image/webp,*/*;q=0.8',
  'referer' => 'http://localhost/project/iotstudio/index/cms/publication.html',
  'accept-encoding' => 'gzip, deflate, sdch, br',
  'accept-language' => 'zh-CN,zh;q=0.8',
  'cookie' => 'Phpstorm-5547fa09=783ade7a-de49-4ae0-b7a2-0e4ea33c1bea; Phpstorm-bd2926e8=857be1c2-e28b-476d-b13e-3a6d848fae47; pgv_pvi=2761342976; _ga=GA1.1.1437015703.1490101787; admin=admin',
)
[ info ] [ PARAM ] array (
  'type' => 'publication',
  'id' => '1',
)
[ info ] [ RUN ] app\index\controller\Cms->change[ D:\wamp64\www\project\iotstudio\application\index\controller\Cms.php ]
[ info ] [ DB ] INIT mysql
[ info ] [ VIEW ] D:\wamp64\www\project\iotstudio/application/index\view\cms\changePublication.html [ array (
  0 => 'admin',
  1 => 'data',
) ]
[ info ] [ LOG ] INIT File
[ sql ] [ DB ] CONNECT:[ UseTime:0.002390s ] mysql:dbname=iotstudio;host=127.0.0.1;port=3306;charset=utf8
[ sql ] [ SQL ] SHOW COLUMNS FROM `publication` [ RunTime:0.002246s ]
[ sql ] [ SQL ] SELECT * FROM `publication` WHERE  `id` = 1 LIMIT 1 [ RunTime:0.000687s ]

---------------------------------------------------------------
[ 2017-05-21T17:20:05+08:00 ] ::1 ::1 GET /project/iotstudio/index/read/index.html?type=publication&id=1
[ log ] localhost/project/iotstudio/index/read/index.html?type=publication&id=1 [运行时间：0.087525s][吞吐率：11.43req/s] [内存消耗：3,545.79kb] [文件加载：55]
[ info ] [ LANG ] D:\wamp64\www\project\iotstudio\thinkphp\lang\zh-cn.php
[ info ] [ ROUTE ] array (
  'type' => 'module',
  'module' => 
  array (
    0 => 'index',
    1 => 'read',
    2 => 'index',
  ),
)
[ info ] [ HEADER ] array (
  'host' => 'localhost',
  'connection' => 'keep-alive',
  'upgrade-insecure-requests' => '1',
  'user-agent' => 'Mozilla/5.0 (Windows NT 10.0; Win64; x64) AppleWebKit/537.36 (KHTML, like Gecko) Chrome/58.0.3029.110 Safari/537.36',
  'accept' => 'text/html,application/xhtml+xml,application/xml;q=0.9,image/webp,*/*;q=0.8',
  'referer' => 'http://localhost/project/iotstudio/index/cms/publication.html',
  'accept-encoding' => 'gzip, deflate, sdch, br',
  'accept-language' => 'zh-CN,zh;q=0.8',
  'cookie' => 'Phpstorm-5547fa09=783ade7a-de49-4ae0-b7a2-0e4ea33c1bea; Phpstorm-bd2926e8=857be1c2-e28b-476d-b13e-3a6d848fae47; pgv_pvi=2761342976; _ga=GA1.1.1437015703.1490101787; admin=admin',
)
[ info ] [ PARAM ] array (
  'type' => 'publication',
  'id' => '1',
)
[ info ] [ RUN ] app\index\controller\Read->index[ D:\wamp64\www\project\iotstudio\application\index\controller\Read.php ]
[ info ] [ DB ] INIT mysql
[ info ] [ VIEW ] D:\wamp64\www\project\iotstudio/application/index\view\Index\read.html [ array (
  0 => 'data',
) ]
[ info ] [ LOG ] INIT File
[ sql ] [ DB ] CONNECT:[ UseTime:0.000837s ] mysql:dbname=iotstudio;host=127.0.0.1;port=3306;charset=utf8
[ sql ] [ SQL ] SHOW COLUMNS FROM `publication` [ RunTime:0.000954s ]
[ sql ] [ SQL ] SELECT * FROM `publication` WHERE  `id` = 1 LIMIT 1 [ RunTime:0.000469s ]

---------------------------------------------------------------
[ 2017-05-21T17:20:09+08:00 ] ::1 ::1 GET /project/iotstudio/index/index/download.html?file_name=ThinkPHP5.0%E5%AE%8C%E5%85%A8%E5%BC%80%E5%8F%91%E6%89%8B%E5%86%8C.pdf&file_dir=publication/20170519\8cf1fc8706df125c332263ea134c1ae4.pdf
[ log ] localhost/project/iotstudio/index/index/download.html?file_name=ThinkPHP5.0%E5%AE%8C%E5%85%A8%E5%BC%80%E5%8F%91%E6%89%8B%E5%86%8C.pdf&file_dir=publication/20170519\8cf1fc8706df125c332263ea134c1ae4.pdf [运行时间：0.169102s][吞吐率：5.91req/s] [内存消耗：8,341.66kb] [文件加载：44]
[ info ] [ LANG ] D:\wamp64\www\project\iotstudio\thinkphp\lang\zh-cn.php
[ info ] [ ROUTE ] array (
  'type' => 'module',
  'module' => 
  array (
    0 => 'index',
    1 => 'index',
    2 => 'download',
  ),
)
[ info ] [ HEADER ] array (
  'host' => 'localhost',
  'connection' => 'keep-alive',
  'upgrade-insecure-requests' => '1',
  'user-agent' => 'Mozilla/5.0 (Windows NT 10.0; Win64; x64) AppleWebKit/537.36 (KHTML, like Gecko) Chrome/58.0.3029.110 Safari/537.36',
  'accept' => 'text/html,application/xhtml+xml,application/xml;q=0.9,image/webp,*/*;q=0.8',
  'referer' => 'http://localhost/project/iotstudio/index/read/index.html?type=publication&id=1',
  'accept-encoding' => 'gzip, deflate, sdch, br',
  'accept-language' => 'zh-CN,zh;q=0.8',
  'cookie' => 'Phpstorm-5547fa09=783ade7a-de49-4ae0-b7a2-0e4ea33c1bea; Phpstorm-bd2926e8=857be1c2-e28b-476d-b13e-3a6d848fae47; pgv_pvi=2761342976; _ga=GA1.1.1437015703.1490101787; admin=admin',
)
[ info ] [ PARAM ] array (
  'file_name' => 'ThinkPHP5.0完全开发手册.pdf',
  'file_dir' => 'publication/20170519\\8cf1fc8706df125c332263ea134c1ae4.pdf',
)
[ info ] [ RUN ] app\index\controller\Index->download[ D:\wamp64\www\project\iotstudio\application\index\controller\Index.php ]
[ info ] [ LOG ] INIT File

---------------------------------------------------------------
[ 2017-05-21T17:20:12+08:00 ] ::1 ::1 GET /project/iotstudio/index/index/download.html?file_name=ThinkPHP5.0%E5%AE%8C%E5%85%A8%E5%BC%80%E5%8F%91%E6%89%8B%E5%86%8C.pdf&file_dir=publication/20170519\8cf1fc8706df125c332263ea134c1ae4.pdf
[ log ] localhost/project/iotstudio/index/index/download.html?file_name=ThinkPHP5.0%E5%AE%8C%E5%85%A8%E5%BC%80%E5%8F%91%E6%89%8B%E5%86%8C.pdf&file_dir=publication/20170519\8cf1fc8706df125c332263ea134c1ae4.pdf [运行时间：0.028528s][吞吐率：35.05req/s] [内存消耗：8,341.66kb] [文件加载：44]
[ info ] [ LANG ] D:\wamp64\www\project\iotstudio\thinkphp\lang\zh-cn.php
[ info ] [ ROUTE ] array (
  'type' => 'module',
  'module' => 
  array (
    0 => 'index',
    1 => 'index',
    2 => 'download',
  ),
)
[ info ] [ HEADER ] array (
  'host' => 'localhost',
  'connection' => 'keep-alive',
  'upgrade-insecure-requests' => '1',
  'user-agent' => 'Mozilla/5.0 (Windows NT 10.0; Win64; x64) AppleWebKit/537.36 (KHTML, like Gecko) Chrome/58.0.3029.110 Safari/537.36',
  'accept' => 'text/html,application/xhtml+xml,application/xml;q=0.9,image/webp,*/*;q=0.8',
  'referer' => 'http://localhost/project/iotstudio/index/read/index.html?type=publication&id=1',
  'accept-encoding' => 'gzip, deflate, sdch, br',
  'accept-language' => 'zh-CN,zh;q=0.8',
  'cookie' => 'Phpstorm-5547fa09=783ade7a-de49-4ae0-b7a2-0e4ea33c1bea; Phpstorm-bd2926e8=857be1c2-e28b-476d-b13e-3a6d848fae47; pgv_pvi=2761342976; _ga=GA1.1.1437015703.1490101787; admin=admin',
)
[ info ] [ PARAM ] array (
  'file_name' => 'ThinkPHP5.0完全开发手册.pdf',
  'file_dir' => 'publication/20170519\\8cf1fc8706df125c332263ea134c1ae4.pdf',
)
[ info ] [ RUN ] app\index\controller\Index->download[ D:\wamp64\www\project\iotstudio\application\index\controller\Index.php ]
[ info ] [ LOG ] INIT File

---------------------------------------------------------------
[ 2017-05-21T17:20:13+08:00 ] ::1 ::1 GET /project/iotstudio/index/index/download.html?file_name=ThinkPHP5.0%E5%AE%8C%E5%85%A8%E5%BC%80%E5%8F%91%E6%89%8B%E5%86%8C.pdf&file_dir=publication/20170519\8cf1fc8706df125c332263ea134c1ae4.pdf
[ log ] localhost/project/iotstudio/index/index/download.html?file_name=ThinkPHP5.0%E5%AE%8C%E5%85%A8%E5%BC%80%E5%8F%91%E6%89%8B%E5%86%8C.pdf&file_dir=publication/20170519\8cf1fc8706df125c332263ea134c1ae4.pdf [运行时间：0.025045s][吞吐率：39.93req/s] [内存消耗：8,341.66kb] [文件加载：44]
[ info ] [ LANG ] D:\wamp64\www\project\iotstudio\thinkphp\lang\zh-cn.php
[ info ] [ ROUTE ] array (
  'type' => 'module',
  'module' => 
  array (
    0 => 'index',
    1 => 'index',
    2 => 'download',
  ),
)
[ info ] [ HEADER ] array (
  'host' => 'localhost',
  'connection' => 'keep-alive',
  'upgrade-insecure-requests' => '1',
  'user-agent' => 'Mozilla/5.0 (Windows NT 10.0; Win64; x64) AppleWebKit/537.36 (KHTML, like Gecko) Chrome/58.0.3029.110 Safari/537.36',
  'accept' => 'text/html,application/xhtml+xml,application/xml;q=0.9,image/webp,*/*;q=0.8',
  'referer' => 'http://localhost/project/iotstudio/index/read/index.html?type=publication&id=1',
  'accept-encoding' => 'gzip, deflate, sdch, br',
  'accept-language' => 'zh-CN,zh;q=0.8',
  'cookie' => 'Phpstorm-5547fa09=783ade7a-de49-4ae0-b7a2-0e4ea33c1bea; Phpstorm-bd2926e8=857be1c2-e28b-476d-b13e-3a6d848fae47; pgv_pvi=2761342976; _ga=GA1.1.1437015703.1490101787; admin=admin',
)
[ info ] [ PARAM ] array (
  'file_name' => 'ThinkPHP5.0完全开发手册.pdf',
  'file_dir' => 'publication/20170519\\8cf1fc8706df125c332263ea134c1ae4.pdf',
)
[ info ] [ RUN ] app\index\controller\Index->download[ D:\wamp64\www\project\iotstudio\application\index\controller\Index.php ]
[ info ] [ LOG ] INIT File

---------------------------------------------------------------
[ 2017-05-21T17:20:17+08:00 ] ::1 ::1 GET /project/iotstudio/index/cms/publication.html
[ log ] localhost/project/iotstudio/index/cms/publication.html [运行时间：0.034979s][吞吐率：28.59req/s] [内存消耗：3,431.04kb] [文件加载：57]
[ info ] [ LANG ] D:\wamp64\www\project\iotstudio\thinkphp\lang\zh-cn.php
[ info ] [ ROUTE ] array (
  'type' => 'module',
  'module' => 
  array (
    0 => 'index',
    1 => 'cms',
    2 => 'publication',
  ),
)
[ info ] [ HEADER ] array (
  'host' => 'localhost',
  'connection' => 'keep-alive',
  'upgrade-insecure-requests' => '1',
  'user-agent' => 'Mozilla/5.0 (Windows NT 10.0; Win64; x64) AppleWebKit/537.36 (KHTML, like Gecko) Chrome/58.0.3029.110 Safari/537.36',
  'accept' => 'text/html,application/xhtml+xml,application/xml;q=0.9,image/webp,*/*;q=0.8',
  'referer' => 'http://localhost/project/iotstudio/index/cms/publication.html',
  'accept-encoding' => 'gzip, deflate, sdch, br',
  'accept-language' => 'zh-CN,zh;q=0.8',
  'cookie' => 'Phpstorm-5547fa09=783ade7a-de49-4ae0-b7a2-0e4ea33c1bea; Phpstorm-bd2926e8=857be1c2-e28b-476d-b13e-3a6d848fae47; pgv_pvi=2761342976; _ga=GA1.1.1437015703.1490101787; admin=admin',
)
[ info ] [ PARAM ] array (
)
[ info ] [ RUN ] app\index\controller\Cms->publication[ D:\wamp64\www\project\iotstudio\application\index\controller\Cms.php ]
[ info ] [ DB ] INIT mysql
[ info ] [ VIEW ] D:\wamp64\www\project\iotstudio/application/index\view\cms\publication.html [ array (
  0 => 'admin',
  1 => 'publications',
) ]
[ info ] [ LOG ] INIT File
[ sql ] [ DB ] CONNECT:[ UseTime:0.000839s ] mysql:dbname=iotstudio;host=127.0.0.1;port=3306;charset=utf8
[ sql ] [ SQL ] SHOW COLUMNS FROM `publication` [ RunTime:0.000902s ]
[ sql ] [ SQL ] SELECT COUNT(*) AS tp_count FROM `publication` LIMIT 1 [ RunTime:0.000312s ]
[ sql ] [ SQL ] SELECT * FROM `publication` ORDER BY id desc LIMIT 0,10 [ RunTime:0.000418s ]

---------------------------------------------------------------
[ 2017-05-21T17:20:18+08:00 ] ::1 ::1 GET /project/iotstudio/index/cms/notice.html
[ log ] localhost/project/iotstudio/index/cms/notice.html [运行时间：0.121974s][吞吐率：8.20req/s] [内存消耗：3,431.66kb] [文件加载：57]
[ info ] [ LANG ] D:\wamp64\www\project\iotstudio\thinkphp\lang\zh-cn.php
[ info ] [ ROUTE ] array (
  'type' => 'module',
  'module' => 
  array (
    0 => 'index',
    1 => 'cms',
    2 => 'notice',
  ),
)
[ info ] [ HEADER ] array (
  'host' => 'localhost',
  'connection' => 'keep-alive',
  'upgrade-insecure-requests' => '1',
  'user-agent' => 'Mozilla/5.0 (Windows NT 10.0; Win64; x64) AppleWebKit/537.36 (KHTML, like Gecko) Chrome/58.0.3029.110 Safari/537.36',
  'accept' => 'text/html,application/xhtml+xml,application/xml;q=0.9,image/webp,*/*;q=0.8',
  'referer' => 'http://localhost/project/iotstudio/index/cms/publication.html',
  'accept-encoding' => 'gzip, deflate, sdch, br',
  'accept-language' => 'zh-CN,zh;q=0.8',
  'cookie' => 'Phpstorm-5547fa09=783ade7a-de49-4ae0-b7a2-0e4ea33c1bea; Phpstorm-bd2926e8=857be1c2-e28b-476d-b13e-3a6d848fae47; pgv_pvi=2761342976; _ga=GA1.1.1437015703.1490101787; admin=admin',
)
[ info ] [ PARAM ] array (
)
[ info ] [ RUN ] app\index\controller\Cms->notice[ D:\wamp64\www\project\iotstudio\application\index\controller\Cms.php ]
[ info ] [ DB ] INIT mysql
[ info ] [ VIEW ] D:\wamp64\www\project\iotstudio/application/index\view\cms\notice.html [ array (
  0 => 'admin',
  1 => 'notices',
) ]
[ info ] [ LOG ] INIT File
[ sql ] [ DB ] CONNECT:[ UseTime:0.000810s ] mysql:dbname=iotstudio;host=127.0.0.1;port=3306;charset=utf8
[ sql ] [ SQL ] SHOW COLUMNS FROM `notice` [ RunTime:0.001286s ]
[ sql ] [ SQL ] SELECT COUNT(*) AS tp_count FROM `notice` LIMIT 1 [ RunTime:0.000333s ]
[ sql ] [ SQL ] SELECT * FROM `notice` ORDER BY id desc LIMIT 0,10 [ RunTime:0.000530s ]

---------------------------------------------------------------
[ 2017-05-21T17:20:18+08:00 ] ::1 ::1 GET /project/iotstudio/index/cms/member.html
[ log ] localhost/project/iotstudio/index/cms/member.html [运行时间：0.205020s][吞吐率：4.88req/s] [内存消耗：3,434.23kb] [文件加载：57]
[ info ] [ LANG ] D:\wamp64\www\project\iotstudio\thinkphp\lang\zh-cn.php
[ info ] [ ROUTE ] array (
  'type' => 'module',
  'module' => 
  array (
    0 => 'index',
    1 => 'cms',
    2 => 'member',
  ),
)
[ info ] [ HEADER ] array (
  'host' => 'localhost',
  'connection' => 'keep-alive',
  'upgrade-insecure-requests' => '1',
  'user-agent' => 'Mozilla/5.0 (Windows NT 10.0; Win64; x64) AppleWebKit/537.36 (KHTML, like Gecko) Chrome/58.0.3029.110 Safari/537.36',
  'accept' => 'text/html,application/xhtml+xml,application/xml;q=0.9,image/webp,*/*;q=0.8',
  'referer' => 'http://localhost/project/iotstudio/index/cms/notice.html',
  'accept-encoding' => 'gzip, deflate, sdch, br',
  'accept-language' => 'zh-CN,zh;q=0.8',
  'cookie' => 'Phpstorm-5547fa09=783ade7a-de49-4ae0-b7a2-0e4ea33c1bea; Phpstorm-bd2926e8=857be1c2-e28b-476d-b13e-3a6d848fae47; pgv_pvi=2761342976; _ga=GA1.1.1437015703.1490101787; admin=admin',
)
[ info ] [ PARAM ] array (
)
[ info ] [ RUN ] app\index\controller\Cms->member[ D:\wamp64\www\project\iotstudio\application\index\controller\Cms.php ]
[ info ] [ DB ] INIT mysql
[ info ] [ VIEW ] D:\wamp64\www\project\iotstudio/application/index\view\cms\member.html [ array (
  0 => 'admin',
  1 => 'members',
) ]
[ info ] [ LOG ] INIT File
[ sql ] [ DB ] CONNECT:[ UseTime:0.000798s ] mysql:dbname=iotstudio;host=127.0.0.1;port=3306;charset=utf8
[ sql ] [ SQL ] SHOW COLUMNS FROM `member` [ RunTime:0.077967s ]
[ sql ] [ SQL ] SELECT COUNT(*) AS tp_count FROM `member` LIMIT 1 [ RunTime:0.000350s ]
[ sql ] [ SQL ] SELECT * FROM `member` ORDER BY id desc LIMIT 0,10 [ RunTime:0.000535s ]

---------------------------------------------------------------
[ 2017-05-21T17:20:19+08:00 ] ::1 ::1 GET /project/iotstudio/index/cms/notice.html
[ log ] localhost/project/iotstudio/index/cms/notice.html [运行时间：0.032817s][吞吐率：30.47req/s] [内存消耗：3,431.66kb] [文件加载：57]
[ info ] [ LANG ] D:\wamp64\www\project\iotstudio\thinkphp\lang\zh-cn.php
[ info ] [ ROUTE ] array (
  'type' => 'module',
  'module' => 
  array (
    0 => 'index',
    1 => 'cms',
    2 => 'notice',
  ),
)
[ info ] [ HEADER ] array (
  'host' => 'localhost',
  'connection' => 'keep-alive',
  'upgrade-insecure-requests' => '1',
  'user-agent' => 'Mozilla/5.0 (Windows NT 10.0; Win64; x64) AppleWebKit/537.36 (KHTML, like Gecko) Chrome/58.0.3029.110 Safari/537.36',
  'accept' => 'text/html,application/xhtml+xml,application/xml;q=0.9,image/webp,*/*;q=0.8',
  'referer' => 'http://localhost/project/iotstudio/index/cms/member.html',
  'accept-encoding' => 'gzip, deflate, sdch, br',
  'accept-language' => 'zh-CN,zh;q=0.8',
  'cookie' => 'Phpstorm-5547fa09=783ade7a-de49-4ae0-b7a2-0e4ea33c1bea; Phpstorm-bd2926e8=857be1c2-e28b-476d-b13e-3a6d848fae47; pgv_pvi=2761342976; _ga=GA1.1.1437015703.1490101787; admin=admin',
)
[ info ] [ PARAM ] array (
)
[ info ] [ RUN ] app\index\controller\Cms->notice[ D:\wamp64\www\project\iotstudio\application\index\controller\Cms.php ]
[ info ] [ DB ] INIT mysql
[ info ] [ VIEW ] D:\wamp64\www\project\iotstudio/application/index\view\cms\notice.html [ array (
  0 => 'admin',
  1 => 'notices',
) ]
[ info ] [ LOG ] INIT File
[ sql ] [ DB ] CONNECT:[ UseTime:0.000852s ] mysql:dbname=iotstudio;host=127.0.0.1;port=3306;charset=utf8
[ sql ] [ SQL ] SHOW COLUMNS FROM `notice` [ RunTime:0.000895s ]
[ sql ] [ SQL ] SELECT COUNT(*) AS tp_count FROM `notice` LIMIT 1 [ RunTime:0.000296s ]
[ sql ] [ SQL ] SELECT * FROM `notice` ORDER BY id desc LIMIT 0,10 [ RunTime:0.000393s ]

---------------------------------------------------------------
[ 2017-05-21T17:20:19+08:00 ] ::1 ::1 GET /project/iotstudio/index/cms/publication.html
[ log ] localhost/project/iotstudio/index/cms/publication.html [运行时间：0.032754s][吞吐率：30.53req/s] [内存消耗：3,431.04kb] [文件加载：57]
[ info ] [ LANG ] D:\wamp64\www\project\iotstudio\thinkphp\lang\zh-cn.php
[ info ] [ ROUTE ] array (
  'type' => 'module',
  'module' => 
  array (
    0 => 'index',
    1 => 'cms',
    2 => 'publication',
  ),
)
[ info ] [ HEADER ] array (
  'host' => 'localhost',
  'connection' => 'keep-alive',
  'upgrade-insecure-requests' => '1',
  'user-agent' => 'Mozilla/5.0 (Windows NT 10.0; Win64; x64) AppleWebKit/537.36 (KHTML, like Gecko) Chrome/58.0.3029.110 Safari/537.36',
  'accept' => 'text/html,application/xhtml+xml,application/xml;q=0.9,image/webp,*/*;q=0.8',
  'referer' => 'http://localhost/project/iotstudio/index/cms/notice.html',
  'accept-encoding' => 'gzip, deflate, sdch, br',
  'accept-language' => 'zh-CN,zh;q=0.8',
  'cookie' => 'Phpstorm-5547fa09=783ade7a-de49-4ae0-b7a2-0e4ea33c1bea; Phpstorm-bd2926e8=857be1c2-e28b-476d-b13e-3a6d848fae47; pgv_pvi=2761342976; _ga=GA1.1.1437015703.1490101787; admin=admin',
)
[ info ] [ PARAM ] array (
)
[ info ] [ RUN ] app\index\controller\Cms->publication[ D:\wamp64\www\project\iotstudio\application\index\controller\Cms.php ]
[ info ] [ DB ] INIT mysql
[ info ] [ VIEW ] D:\wamp64\www\project\iotstudio/application/index\view\cms\publication.html [ array (
  0 => 'admin',
  1 => 'publications',
) ]
[ info ] [ LOG ] INIT File
[ sql ] [ DB ] CONNECT:[ UseTime:0.000799s ] mysql:dbname=iotstudio;host=127.0.0.1;port=3306;charset=utf8
[ sql ] [ SQL ] SHOW COLUMNS FROM `publication` [ RunTime:0.000977s ]
[ sql ] [ SQL ] SELECT COUNT(*) AS tp_count FROM `publication` LIMIT 1 [ RunTime:0.000293s ]
[ sql ] [ SQL ] SELECT * FROM `publication` ORDER BY id desc LIMIT 0,10 [ RunTime:0.000432s ]

---------------------------------------------------------------
[ 2017-05-21T17:20:20+08:00 ] ::1 ::1 GET /project/iotstudio/index/cms/course.html
[ log ] localhost/project/iotstudio/index/cms/course.html [运行时间：0.153014s][吞吐率：6.54req/s] [内存消耗：3,429.88kb] [文件加载：57]
[ info ] [ LANG ] D:\wamp64\www\project\iotstudio\thinkphp\lang\zh-cn.php
[ info ] [ ROUTE ] array (
  'type' => 'module',
  'module' => 
  array (
    0 => 'index',
    1 => 'cms',
    2 => 'course',
  ),
)
[ info ] [ HEADER ] array (
  'host' => 'localhost',
  'connection' => 'keep-alive',
  'upgrade-insecure-requests' => '1',
  'user-agent' => 'Mozilla/5.0 (Windows NT 10.0; Win64; x64) AppleWebKit/537.36 (KHTML, like Gecko) Chrome/58.0.3029.110 Safari/537.36',
  'accept' => 'text/html,application/xhtml+xml,application/xml;q=0.9,image/webp,*/*;q=0.8',
  'referer' => 'http://localhost/project/iotstudio/index/cms/publication.html',
  'accept-encoding' => 'gzip, deflate, sdch, br',
  'accept-language' => 'zh-CN,zh;q=0.8',
  'cookie' => 'Phpstorm-5547fa09=783ade7a-de49-4ae0-b7a2-0e4ea33c1bea; Phpstorm-bd2926e8=857be1c2-e28b-476d-b13e-3a6d848fae47; pgv_pvi=2761342976; _ga=GA1.1.1437015703.1490101787; admin=admin',
)
[ info ] [ PARAM ] array (
)
[ info ] [ RUN ] app\index\controller\Cms->course[ D:\wamp64\www\project\iotstudio\application\index\controller\Cms.php ]
[ info ] [ DB ] INIT mysql
[ info ] [ VIEW ] D:\wamp64\www\project\iotstudio/application/index\view\cms\course.html [ array (
  0 => 'admin',
  1 => 'courses',
) ]
[ info ] [ LOG ] INIT File
[ sql ] [ DB ] CONNECT:[ UseTime:0.000910s ] mysql:dbname=iotstudio;host=127.0.0.1;port=3306;charset=utf8
[ sql ] [ SQL ] SHOW COLUMNS FROM `course` [ RunTime:0.070013s ]
[ sql ] [ SQL ] SELECT COUNT(*) AS tp_count FROM `course` LIMIT 1 [ RunTime:0.000327s ]
[ sql ] [ SQL ] SELECT * FROM `course` ORDER BY id desc LIMIT 0,10 [ RunTime:0.000466s ]

---------------------------------------------------------------
[ 2017-05-21T17:20:27+08:00 ] ::1 ::1 GET /project/iotstudio/index/read/index.html?type=course&id=3
[ log ] localhost/project/iotstudio/index/read/index.html?type=course&id=3 [运行时间：0.038054s][吞吐率：26.28req/s] [内存消耗：3,544.73kb] [文件加载：55]
[ info ] [ LANG ] D:\wamp64\www\project\iotstudio\thinkphp\lang\zh-cn.php
[ info ] [ ROUTE ] array (
  'type' => 'module',
  'module' => 
  array (
    0 => 'index',
    1 => 'read',
    2 => 'index',
  ),
)
[ info ] [ HEADER ] array (
  'host' => 'localhost',
  'connection' => 'keep-alive',
  'upgrade-insecure-requests' => '1',
  'user-agent' => 'Mozilla/5.0 (Windows NT 10.0; Win64; x64) AppleWebKit/537.36 (KHTML, like Gecko) Chrome/58.0.3029.110 Safari/537.36',
  'accept' => 'text/html,application/xhtml+xml,application/xml;q=0.9,image/webp,*/*;q=0.8',
  'referer' => 'http://localhost/project/iotstudio/index/cms/course.html',
  'accept-encoding' => 'gzip, deflate, sdch, br',
  'accept-language' => 'zh-CN,zh;q=0.8',
  'cookie' => 'Phpstorm-5547fa09=783ade7a-de49-4ae0-b7a2-0e4ea33c1bea; Phpstorm-bd2926e8=857be1c2-e28b-476d-b13e-3a6d848fae47; pgv_pvi=2761342976; _ga=GA1.1.1437015703.1490101787; admin=admin',
)
[ info ] [ PARAM ] array (
  'type' => 'course',
  'id' => '3',
)
[ info ] [ RUN ] app\index\controller\Read->index[ D:\wamp64\www\project\iotstudio\application\index\controller\Read.php ]
[ info ] [ DB ] INIT mysql
[ info ] [ VIEW ] D:\wamp64\www\project\iotstudio/application/index\view\Index\read.html [ array (
  0 => 'data',
) ]
[ info ] [ LOG ] INIT File
[ sql ] [ DB ] CONNECT:[ UseTime:0.000903s ] mysql:dbname=iotstudio;host=127.0.0.1;port=3306;charset=utf8
[ sql ] [ SQL ] SHOW COLUMNS FROM `course` [ RunTime:0.001117s ]
[ sql ] [ SQL ] SELECT * FROM `course` WHERE  `id` = 3 LIMIT 1 [ RunTime:0.000435s ]

---------------------------------------------------------------
[ 2017-05-21T17:20:46+08:00 ] ::1 ::1 GET /project/iotstudio/index/index/logout.html
[ log ] localhost/project/iotstudio/index/index/logout.html [运行时间：0.023820s][吞吐率：41.98req/s] [内存消耗：2,325.61kb] [文件加载：48]
[ info ] [ LANG ] D:\wamp64\www\project\iotstudio\thinkphp\lang\zh-cn.php
[ info ] [ ROUTE ] array (
  'type' => 'module',
  'module' => 
  array (
    0 => 'index',
    1 => 'index',
    2 => 'logout',
  ),
)
[ info ] [ HEADER ] array (
  'host' => 'localhost',
  'connection' => 'keep-alive',
  'upgrade-insecure-requests' => '1',
  'user-agent' => 'Mozilla/5.0 (Windows NT 10.0; Win64; x64) AppleWebKit/537.36 (KHTML, like Gecko) Chrome/58.0.3029.110 Safari/537.36',
  'accept' => 'text/html,application/xhtml+xml,application/xml;q=0.9,image/webp,*/*;q=0.8',
  'referer' => 'http://localhost/project/iotstudio/index/cms/course.html',
  'accept-encoding' => 'gzip, deflate, sdch, br',
  'accept-language' => 'zh-CN,zh;q=0.8',
  'cookie' => 'Phpstorm-5547fa09=783ade7a-de49-4ae0-b7a2-0e4ea33c1bea; Phpstorm-bd2926e8=857be1c2-e28b-476d-b13e-3a6d848fae47; pgv_pvi=2761342976; _ga=GA1.1.1437015703.1490101787; admin=admin',
)
[ info ] [ PARAM ] array (
)
[ info ] [ RUN ] app\index\controller\Index->logout[ D:\wamp64\www\project\iotstudio\application\index\controller\Index.php ]
[ info ] [ VIEW ] D:\wamp64\www\project\iotstudio/application/index\view\public\dispatch_jump.html [ array (
  0 => 'code',
  1 => 'msg',
  2 => 'data',
  3 => 'url',
  4 => 'wait',
) ]
[ info ] [ LOG ] INIT File

---------------------------------------------------------------
[ 2017-05-21T17:20:48+08:00 ] ::1 ::1 GET /project/iotstudio/index/index/index.html
[ log ] localhost/project/iotstudio/index/index/index.html [运行时间：0.049003s][吞吐率：20.41req/s] [内存消耗：3,676.33kb] [文件加载：53]
[ info ] [ LANG ] D:\wamp64\www\project\iotstudio\thinkphp\lang\zh-cn.php
[ info ] [ ROUTE ] array (
  'type' => 'module',
  'module' => 
  array (
    0 => 'index',
    1 => 'index',
    2 => 'index',
  ),
)
[ info ] [ HEADER ] array (
  'host' => 'localhost',
  'connection' => 'keep-alive',
  'upgrade-insecure-requests' => '1',
  'user-agent' => 'Mozilla/5.0 (Windows NT 10.0; Win64; x64) AppleWebKit/537.36 (KHTML, like Gecko) Chrome/58.0.3029.110 Safari/537.36',
  'accept' => 'text/html,application/xhtml+xml,application/xml;q=0.9,image/webp,*/*;q=0.8',
  'referer' => 'http://localhost/project/iotstudio/index/index/logout.html',
  'accept-encoding' => 'gzip, deflate, sdch, br',
  'accept-language' => 'zh-CN,zh;q=0.8',
  'cookie' => 'Phpstorm-5547fa09=783ade7a-de49-4ae0-b7a2-0e4ea33c1bea; Phpstorm-bd2926e8=857be1c2-e28b-476d-b13e-3a6d848fae47; pgv_pvi=2761342976; _ga=GA1.1.1437015703.1490101787',
)
[ info ] [ PARAM ] array (
)
[ info ] [ RUN ] app\index\controller\Index->index[ D:\wamp64\www\project\iotstudio\application\index\controller\Index.php ]
[ info ] [ DB ] INIT mysql
[ info ] [ DB ] INIT mysql
[ info ] [ DB ] INIT mysql
[ info ] [ VIEW ] D:\wamp64\www\project\iotstudio/application/index\view\index\index.html [ array (
  0 => 'trends',
  1 => 'essays',
  2 => 'notice',
) ]
[ info ] [ LOG ] INIT File
[ sql ] [ DB ] CONNECT:[ UseTime:0.000859s ] mysql:dbname=iotstudio;host=127.0.0.1;port=3306;charset=utf8
[ sql ] [ SQL ] SHOW COLUMNS FROM `trend` [ RunTime:0.001204s ]
[ sql ] [ SQL ] SELECT * FROM `trend` ORDER BY id desc LIMIT 5 [ RunTime:0.000540s ]
[ sql ] [ DB ] CONNECT:[ UseTime:0.000943s ] mysql:dbname=iotstudio;host=127.0.0.1;port=3306;charset=utf8
[ sql ] [ SQL ] SHOW COLUMNS FROM `essay` [ RunTime:0.002313s ]
[ sql ] [ SQL ] SELECT * FROM `essay` ORDER BY id desc LIMIT 5 [ RunTime:0.002129s ]
[ sql ] [ DB ] CONNECT:[ UseTime:0.001024s ] mysql:dbname=iotstudio;host=127.0.0.1;port=3306;charset=utf8
[ sql ] [ SQL ] SHOW COLUMNS FROM `notice` [ RunTime:0.001415s ]
[ sql ] [ SQL ] SELECT * FROM `notice` ORDER BY id desc LIMIT 1 [ RunTime:0.000385s ]

---------------------------------------------------------------
[ 2017-05-21T17:21:55+08:00 ] ::1 ::1 POST /project/iotstudio/index/index/login.html
[ log ] localhost/project/iotstudio/index/index/login.html [运行时间：0.031883s][吞吐率：31.36req/s] [内存消耗：3,289.63kb] [文件加载：55]
[ info ] [ LANG ] D:\wamp64\www\project\iotstudio\thinkphp\lang\zh-cn.php
[ info ] [ ROUTE ] array (
  'type' => 'module',
  'module' => 
  array (
    0 => 'index',
    1 => 'index',
    2 => 'login',
  ),
)
[ info ] [ HEADER ] array (
  'host' => 'localhost',
  'connection' => 'keep-alive',
  'content-length' => '29',
  'cache-control' => 'max-age=0',
  'origin' => 'http://localhost',
  'upgrade-insecure-requests' => '1',
  'user-agent' => 'Mozilla/5.0 (Windows NT 10.0; Win64; x64) AppleWebKit/537.36 (KHTML, like Gecko) Chrome/58.0.3029.110 Safari/537.36',
  'content-type' => 'application/x-www-form-urlencoded',
  'accept' => 'text/html,application/xhtml+xml,application/xml;q=0.9,image/webp,*/*;q=0.8',
  'referer' => 'http://localhost/project/iotstudio/index/index/index.html',
  'accept-encoding' => 'gzip, deflate, br',
  'accept-language' => 'zh-CN,zh;q=0.8',
  'cookie' => 'Phpstorm-5547fa09=783ade7a-de49-4ae0-b7a2-0e4ea33c1bea; Phpstorm-bd2926e8=857be1c2-e28b-476d-b13e-3a6d848fae47; pgv_pvi=2761342976; _ga=GA1.1.1437015703.1490101787',
)
[ info ] [ PARAM ] array (
  'account' => 'admin',
  'password' => '123456',
)
[ info ] [ RUN ] app\index\controller\Index->login[ D:\wamp64\www\project\iotstudio\application\index\controller\Index.php ]
[ info ] [ DB ] INIT mysql
[ info ] [ VIEW ] D:\wamp64\www\project\iotstudio/application/index\view\public\dispatch_jump.html [ array (
  0 => 'code',
  1 => 'msg',
  2 => 'data',
  3 => 'url',
  4 => 'wait',
) ]
[ info ] [ LOG ] INIT File
[ sql ] [ DB ] CONNECT:[ UseTime:0.001029s ] mysql:dbname=iotstudio;host=127.0.0.1;port=3306;charset=utf8
[ sql ] [ SQL ] SHOW COLUMNS FROM `admin` [ RunTime:0.001071s ]
[ sql ] [ SQL ] SELECT * FROM `admin` WHERE  `account` = 'admin' LIMIT 1 [ RunTime:0.000481s ]

---------------------------------------------------------------
[ 2017-05-21T17:21:56+08:00 ] ::1 ::1 GET /project/iotstudio/index/cms/index.html
[ log ] localhost/project/iotstudio/index/cms/index.html [运行时间：0.049137s][吞吐率：20.35req/s] [内存消耗：3,592.55kb] [文件加载：57]
[ info ] [ LANG ] D:\wamp64\www\project\iotstudio\thinkphp\lang\zh-cn.php
[ info ] [ ROUTE ] array (
  'type' => 'module',
  'module' => 
  array (
    0 => 'index',
    1 => 'cms',
    2 => 'index',
  ),
)
[ info ] [ HEADER ] array (
  'host' => 'localhost',
  'connection' => 'keep-alive',
  'upgrade-insecure-requests' => '1',
  'user-agent' => 'Mozilla/5.0 (Windows NT 10.0; Win64; x64) AppleWebKit/537.36 (KHTML, like Gecko) Chrome/58.0.3029.110 Safari/537.36',
  'accept' => 'text/html,application/xhtml+xml,application/xml;q=0.9,image/webp,*/*;q=0.8',
  'referer' => 'http://localhost/project/iotstudio/index/index/login.html',
  'accept-encoding' => 'gzip, deflate, sdch, br',
  'accept-language' => 'zh-CN,zh;q=0.8',
  'cookie' => 'Phpstorm-5547fa09=783ade7a-de49-4ae0-b7a2-0e4ea33c1bea; Phpstorm-bd2926e8=857be1c2-e28b-476d-b13e-3a6d848fae47; pgv_pvi=2761342976; _ga=GA1.1.1437015703.1490101787; admin=admin',
)
[ info ] [ PARAM ] array (
)
[ info ] [ RUN ] app\index\controller\Cms->index[ D:\wamp64\www\project\iotstudio\application\index\controller\Cms.php ]
[ info ] [ DB ] INIT mysql
[ info ] [ VIEW ] D:\wamp64\www\project\iotstudio/application/index\view\cms\index.html [ array (
  0 => 'admin',
  1 => 'trends',
) ]
[ info ] [ LOG ] INIT File
[ sql ] [ DB ] CONNECT:[ UseTime:0.000782s ] mysql:dbname=iotstudio;host=127.0.0.1;port=3306;charset=utf8
[ sql ] [ SQL ] SHOW COLUMNS FROM `trend` [ RunTime:0.000977s ]
[ sql ] [ SQL ] SELECT COUNT(*) AS tp_count FROM `trend` LIMIT 1 [ RunTime:0.000253s ]
[ sql ] [ SQL ] SELECT * FROM `trend` ORDER BY id desc LIMIT 0,10 [ RunTime:0.001797s ]

---------------------------------------------------------------
[ 2017-05-21T17:21:58+08:00 ] ::1 ::1 GET /project/iotstudio/index/cms/member.html
[ log ] localhost/project/iotstudio/index/cms/member.html [运行时间：0.034690s][吞吐率：28.83req/s] [内存消耗：3,434.22kb] [文件加载：57]
[ info ] [ LANG ] D:\wamp64\www\project\iotstudio\thinkphp\lang\zh-cn.php
[ info ] [ ROUTE ] array (
  'type' => 'module',
  'module' => 
  array (
    0 => 'index',
    1 => 'cms',
    2 => 'member',
  ),
)
[ info ] [ HEADER ] array (
  'host' => 'localhost',
  'connection' => 'keep-alive',
  'upgrade-insecure-requests' => '1',
  'user-agent' => 'Mozilla/5.0 (Windows NT 10.0; Win64; x64) AppleWebKit/537.36 (KHTML, like Gecko) Chrome/58.0.3029.110 Safari/537.36',
  'accept' => 'text/html,application/xhtml+xml,application/xml;q=0.9,image/webp,*/*;q=0.8',
  'referer' => 'http://localhost/project/iotstudio/index/cms/index.html',
  'accept-encoding' => 'gzip, deflate, sdch, br',
  'accept-language' => 'zh-CN,zh;q=0.8',
  'cookie' => 'Phpstorm-5547fa09=783ade7a-de49-4ae0-b7a2-0e4ea33c1bea; Phpstorm-bd2926e8=857be1c2-e28b-476d-b13e-3a6d848fae47; pgv_pvi=2761342976; _ga=GA1.1.1437015703.1490101787; admin=admin',
)
[ info ] [ PARAM ] array (
)
[ info ] [ RUN ] app\index\controller\Cms->member[ D:\wamp64\www\project\iotstudio\application\index\controller\Cms.php ]
[ info ] [ DB ] INIT mysql
[ info ] [ VIEW ] D:\wamp64\www\project\iotstudio/application/index\view\cms\member.html [ array (
  0 => 'admin',
  1 => 'members',
) ]
[ info ] [ LOG ] INIT File
[ sql ] [ DB ] CONNECT:[ UseTime:0.000795s ] mysql:dbname=iotstudio;host=127.0.0.1;port=3306;charset=utf8
[ sql ] [ SQL ] SHOW COLUMNS FROM `member` [ RunTime:0.000900s ]
[ sql ] [ SQL ] SELECT COUNT(*) AS tp_count FROM `member` LIMIT 1 [ RunTime:0.000257s ]
[ sql ] [ SQL ] SELECT * FROM `member` ORDER BY id desc LIMIT 0,10 [ RunTime:0.000479s ]

---------------------------------------------------------------
[ 2017-05-21T17:21:59+08:00 ] ::1 ::1 GET /project/iotstudio/index/cms/member.html
[ log ] localhost/project/iotstudio/index/cms/member.html [运行时间：0.034970s][吞吐率：28.60req/s] [内存消耗：3,434.23kb] [文件加载：57]
[ info ] [ LANG ] D:\wamp64\www\project\iotstudio\thinkphp\lang\zh-cn.php
[ info ] [ ROUTE ] array (
  'type' => 'module',
  'module' => 
  array (
    0 => 'index',
    1 => 'cms',
    2 => 'member',
  ),
)
[ info ] [ HEADER ] array (
  'host' => 'localhost',
  'connection' => 'keep-alive',
  'upgrade-insecure-requests' => '1',
  'user-agent' => 'Mozilla/5.0 (Windows NT 10.0; Win64; x64) AppleWebKit/537.36 (KHTML, like Gecko) Chrome/58.0.3029.110 Safari/537.36',
  'accept' => 'text/html,application/xhtml+xml,application/xml;q=0.9,image/webp,*/*;q=0.8',
  'referer' => 'http://localhost/project/iotstudio/index/cms/member.html',
  'accept-encoding' => 'gzip, deflate, sdch, br',
  'accept-language' => 'zh-CN,zh;q=0.8',
  'cookie' => 'Phpstorm-5547fa09=783ade7a-de49-4ae0-b7a2-0e4ea33c1bea; Phpstorm-bd2926e8=857be1c2-e28b-476d-b13e-3a6d848fae47; pgv_pvi=2761342976; _ga=GA1.1.1437015703.1490101787; admin=admin',
)
[ info ] [ PARAM ] array (
)
[ info ] [ RUN ] app\index\controller\Cms->member[ D:\wamp64\www\project\iotstudio\application\index\controller\Cms.php ]
[ info ] [ DB ] INIT mysql
[ info ] [ VIEW ] D:\wamp64\www\project\iotstudio/application/index\view\cms\member.html [ array (
  0 => 'admin',
  1 => 'members',
) ]
[ info ] [ LOG ] INIT File
[ sql ] [ DB ] CONNECT:[ UseTime:0.000790s ] mysql:dbname=iotstudio;host=127.0.0.1;port=3306;charset=utf8
[ sql ] [ SQL ] SHOW COLUMNS FROM `member` [ RunTime:0.000922s ]
[ sql ] [ SQL ] SELECT COUNT(*) AS tp_count FROM `member` LIMIT 1 [ RunTime:0.000311s ]
[ sql ] [ SQL ] SELECT * FROM `member` ORDER BY id desc LIMIT 0,10 [ RunTime:0.000518s ]

---------------------------------------------------------------
[ 2017-05-21T17:22:00+08:00 ] ::1 ::1 GET /project/iotstudio/index/cms/member.html
[ log ] localhost/project/iotstudio/index/cms/member.html [运行时间：0.035944s][吞吐率：27.82req/s] [内存消耗：3,434.23kb] [文件加载：57]
[ info ] [ LANG ] D:\wamp64\www\project\iotstudio\thinkphp\lang\zh-cn.php
[ info ] [ ROUTE ] array (
  'type' => 'module',
  'module' => 
  array (
    0 => 'index',
    1 => 'cms',
    2 => 'member',
  ),
)
[ info ] [ HEADER ] array (
  'host' => 'localhost',
  'connection' => 'keep-alive',
  'upgrade-insecure-requests' => '1',
  'user-agent' => 'Mozilla/5.0 (Windows NT 10.0; Win64; x64) AppleWebKit/537.36 (KHTML, like Gecko) Chrome/58.0.3029.110 Safari/537.36',
  'accept' => 'text/html,application/xhtml+xml,application/xml;q=0.9,image/webp,*/*;q=0.8',
  'referer' => 'http://localhost/project/iotstudio/index/cms/member.html',
  'accept-encoding' => 'gzip, deflate, sdch, br',
  'accept-language' => 'zh-CN,zh;q=0.8',
  'cookie' => 'Phpstorm-5547fa09=783ade7a-de49-4ae0-b7a2-0e4ea33c1bea; Phpstorm-bd2926e8=857be1c2-e28b-476d-b13e-3a6d848fae47; pgv_pvi=2761342976; _ga=GA1.1.1437015703.1490101787; admin=admin',
)
[ info ] [ PARAM ] array (
)
[ info ] [ RUN ] app\index\controller\Cms->member[ D:\wamp64\www\project\iotstudio\application\index\controller\Cms.php ]
[ info ] [ DB ] INIT mysql
[ info ] [ VIEW ] D:\wamp64\www\project\iotstudio/application/index\view\cms\member.html [ array (
  0 => 'admin',
  1 => 'members',
) ]
[ info ] [ LOG ] INIT File
[ sql ] [ DB ] CONNECT:[ UseTime:0.000858s ] mysql:dbname=iotstudio;host=127.0.0.1;port=3306;charset=utf8
[ sql ] [ SQL ] SHOW COLUMNS FROM `member` [ RunTime:0.000944s ]
[ sql ] [ SQL ] SELECT COUNT(*) AS tp_count FROM `member` LIMIT 1 [ RunTime:0.000350s ]
[ sql ] [ SQL ] SELECT * FROM `member` ORDER BY id desc LIMIT 0,10 [ RunTime:0.000478s ]

---------------------------------------------------------------
[ 2017-05-21T17:22:02+08:00 ] ::1 ::1 GET /project/iotstudio/index/cms/member.html
[ log ] localhost/project/iotstudio/index/cms/member.html [运行时间：0.034122s][吞吐率：29.31req/s] [内存消耗：3,434.23kb] [文件加载：57]
[ info ] [ LANG ] D:\wamp64\www\project\iotstudio\thinkphp\lang\zh-cn.php
[ info ] [ ROUTE ] array (
  'type' => 'module',
  'module' => 
  array (
    0 => 'index',
    1 => 'cms',
    2 => 'member',
  ),
)
[ info ] [ HEADER ] array (
  'host' => 'localhost',
  'connection' => 'keep-alive',
  'upgrade-insecure-requests' => '1',
  'user-agent' => 'Mozilla/5.0 (Windows NT 10.0; Win64; x64) AppleWebKit/537.36 (KHTML, like Gecko) Chrome/58.0.3029.110 Safari/537.36',
  'accept' => 'text/html,application/xhtml+xml,application/xml;q=0.9,image/webp,*/*;q=0.8',
  'referer' => 'http://localhost/project/iotstudio/index/cms/member.html',
  'accept-encoding' => 'gzip, deflate, sdch, br',
  'accept-language' => 'zh-CN,zh;q=0.8',
  'cookie' => 'Phpstorm-5547fa09=783ade7a-de49-4ae0-b7a2-0e4ea33c1bea; Phpstorm-bd2926e8=857be1c2-e28b-476d-b13e-3a6d848fae47; pgv_pvi=2761342976; _ga=GA1.1.1437015703.1490101787; admin=admin',
)
[ info ] [ PARAM ] array (
)
[ info ] [ RUN ] app\index\controller\Cms->member[ D:\wamp64\www\project\iotstudio\application\index\controller\Cms.php ]
[ info ] [ DB ] INIT mysql
[ info ] [ VIEW ] D:\wamp64\www\project\iotstudio/application/index\view\cms\member.html [ array (
  0 => 'admin',
  1 => 'members',
) ]
[ info ] [ LOG ] INIT File
[ sql ] [ DB ] CONNECT:[ UseTime:0.000765s ] mysql:dbname=iotstudio;host=127.0.0.1;port=3306;charset=utf8
[ sql ] [ SQL ] SHOW COLUMNS FROM `member` [ RunTime:0.000951s ]
[ sql ] [ SQL ] SELECT COUNT(*) AS tp_count FROM `member` LIMIT 1 [ RunTime:0.000298s ]
[ sql ] [ SQL ] SELECT * FROM `member` ORDER BY id desc LIMIT 0,10 [ RunTime:0.000514s ]

---------------------------------------------------------------
[ 2017-05-21T17:22:02+08:00 ] ::1 ::1 GET /project/iotstudio/index/cms/member.html
[ log ] localhost/project/iotstudio/index/cms/member.html [运行时间：0.034038s][吞吐率：29.38req/s] [内存消耗：3,434.23kb] [文件加载：57]
[ info ] [ LANG ] D:\wamp64\www\project\iotstudio\thinkphp\lang\zh-cn.php
[ info ] [ ROUTE ] array (
  'type' => 'module',
  'module' => 
  array (
    0 => 'index',
    1 => 'cms',
    2 => 'member',
  ),
)
[ info ] [ HEADER ] array (
  'host' => 'localhost',
  'connection' => 'keep-alive',
  'upgrade-insecure-requests' => '1',
  'user-agent' => 'Mozilla/5.0 (Windows NT 10.0; Win64; x64) AppleWebKit/537.36 (KHTML, like Gecko) Chrome/58.0.3029.110 Safari/537.36',
  'accept' => 'text/html,application/xhtml+xml,application/xml;q=0.9,image/webp,*/*;q=0.8',
  'referer' => 'http://localhost/project/iotstudio/index/cms/member.html',
  'accept-encoding' => 'gzip, deflate, sdch, br',
  'accept-language' => 'zh-CN,zh;q=0.8',
  'cookie' => 'Phpstorm-5547fa09=783ade7a-de49-4ae0-b7a2-0e4ea33c1bea; Phpstorm-bd2926e8=857be1c2-e28b-476d-b13e-3a6d848fae47; pgv_pvi=2761342976; _ga=GA1.1.1437015703.1490101787; admin=admin',
)
[ info ] [ PARAM ] array (
)
[ info ] [ RUN ] app\index\controller\Cms->member[ D:\wamp64\www\project\iotstudio\application\index\controller\Cms.php ]
[ info ] [ DB ] INIT mysql
[ info ] [ VIEW ] D:\wamp64\www\project\iotstudio/application/index\view\cms\member.html [ array (
  0 => 'admin',
  1 => 'members',
) ]
[ info ] [ LOG ] INIT File
[ sql ] [ DB ] CONNECT:[ UseTime:0.000760s ] mysql:dbname=iotstudio;host=127.0.0.1;port=3306;charset=utf8
[ sql ] [ SQL ] SHOW COLUMNS FROM `member` [ RunTime:0.000893s ]
[ sql ] [ SQL ] SELECT COUNT(*) AS tp_count FROM `member` LIMIT 1 [ RunTime:0.000347s ]
[ sql ] [ SQL ] SELECT * FROM `member` ORDER BY id desc LIMIT 0,10 [ RunTime:0.000495s ]

---------------------------------------------------------------
[ 2017-05-21T17:22:03+08:00 ] ::1 ::1 GET /project/iotstudio/index/cms/member.html
[ log ] localhost/project/iotstudio/index/cms/member.html [运行时间：0.034139s][吞吐率：29.29req/s] [内存消耗：3,434.23kb] [文件加载：57]
[ info ] [ LANG ] D:\wamp64\www\project\iotstudio\thinkphp\lang\zh-cn.php
[ info ] [ ROUTE ] array (
  'type' => 'module',
  'module' => 
  array (
    0 => 'index',
    1 => 'cms',
    2 => 'member',
  ),
)
[ info ] [ HEADER ] array (
  'host' => 'localhost',
  'connection' => 'keep-alive',
  'upgrade-insecure-requests' => '1',
  'user-agent' => 'Mozilla/5.0 (Windows NT 10.0; Win64; x64) AppleWebKit/537.36 (KHTML, like Gecko) Chrome/58.0.3029.110 Safari/537.36',
  'accept' => 'text/html,application/xhtml+xml,application/xml;q=0.9,image/webp,*/*;q=0.8',
  'referer' => 'http://localhost/project/iotstudio/index/cms/member.html',
  'accept-encoding' => 'gzip, deflate, sdch, br',
  'accept-language' => 'zh-CN,zh;q=0.8',
  'cookie' => 'Phpstorm-5547fa09=783ade7a-de49-4ae0-b7a2-0e4ea33c1bea; Phpstorm-bd2926e8=857be1c2-e28b-476d-b13e-3a6d848fae47; pgv_pvi=2761342976; _ga=GA1.1.1437015703.1490101787; admin=admin',
)
[ info ] [ PARAM ] array (
)
[ info ] [ RUN ] app\index\controller\Cms->member[ D:\wamp64\www\project\iotstudio\application\index\controller\Cms.php ]
[ info ] [ DB ] INIT mysql
[ info ] [ VIEW ] D:\wamp64\www\project\iotstudio/application/index\view\cms\member.html [ array (
  0 => 'admin',
  1 => 'members',
) ]
[ info ] [ LOG ] INIT File
[ sql ] [ DB ] CONNECT:[ UseTime:0.000790s ] mysql:dbname=iotstudio;host=127.0.0.1;port=3306;charset=utf8
[ sql ] [ SQL ] SHOW COLUMNS FROM `member` [ RunTime:0.000927s ]
[ sql ] [ SQL ] SELECT COUNT(*) AS tp_count FROM `member` LIMIT 1 [ RunTime:0.000260s ]
[ sql ] [ SQL ] SELECT * FROM `member` ORDER BY id desc LIMIT 0,10 [ RunTime:0.000489s ]

---------------------------------------------------------------
[ 2017-05-21T17:22:03+08:00 ] ::1 ::1 GET /project/iotstudio/index/cms/member.html
[ log ] localhost/project/iotstudio/index/cms/member.html [运行时间：0.034863s][吞吐率：28.68req/s] [内存消耗：3,434.23kb] [文件加载：57]
[ info ] [ LANG ] D:\wamp64\www\project\iotstudio\thinkphp\lang\zh-cn.php
[ info ] [ ROUTE ] array (
  'type' => 'module',
  'module' => 
  array (
    0 => 'index',
    1 => 'cms',
    2 => 'member',
  ),
)
[ info ] [ HEADER ] array (
  'host' => 'localhost',
  'connection' => 'keep-alive',
  'upgrade-insecure-requests' => '1',
  'user-agent' => 'Mozilla/5.0 (Windows NT 10.0; Win64; x64) AppleWebKit/537.36 (KHTML, like Gecko) Chrome/58.0.3029.110 Safari/537.36',
  'accept' => 'text/html,application/xhtml+xml,application/xml;q=0.9,image/webp,*/*;q=0.8',
  'referer' => 'http://localhost/project/iotstudio/index/cms/member.html',
  'accept-encoding' => 'gzip, deflate, sdch, br',
  'accept-language' => 'zh-CN,zh;q=0.8',
  'cookie' => 'Phpstorm-5547fa09=783ade7a-de49-4ae0-b7a2-0e4ea33c1bea; Phpstorm-bd2926e8=857be1c2-e28b-476d-b13e-3a6d848fae47; pgv_pvi=2761342976; _ga=GA1.1.1437015703.1490101787; admin=admin',
)
[ info ] [ PARAM ] array (
)
[ info ] [ RUN ] app\index\controller\Cms->member[ D:\wamp64\www\project\iotstudio\application\index\controller\Cms.php ]
[ info ] [ DB ] INIT mysql
[ info ] [ VIEW ] D:\wamp64\www\project\iotstudio/application/index\view\cms\member.html [ array (
  0 => 'admin',
  1 => 'members',
) ]
[ info ] [ LOG ] INIT File
[ sql ] [ DB ] CONNECT:[ UseTime:0.000775s ] mysql:dbname=iotstudio;host=127.0.0.1;port=3306;charset=utf8
[ sql ] [ SQL ] SHOW COLUMNS FROM `member` [ RunTime:0.000964s ]
[ sql ] [ SQL ] SELECT COUNT(*) AS tp_count FROM `member` LIMIT 1 [ RunTime:0.000356s ]
[ sql ] [ SQL ] SELECT * FROM `member` ORDER BY id desc LIMIT 0,10 [ RunTime:0.000476s ]

---------------------------------------------------------------
[ 2017-05-21T17:22:03+08:00 ] ::1 ::1 GET /project/iotstudio/index/cms/member.html
[ log ] localhost/project/iotstudio/index/cms/member.html [运行时间：0.034425s][吞吐率：29.05req/s] [内存消耗：3,434.23kb] [文件加载：57]
[ info ] [ LANG ] D:\wamp64\www\project\iotstudio\thinkphp\lang\zh-cn.php
[ info ] [ ROUTE ] array (
  'type' => 'module',
  'module' => 
  array (
    0 => 'index',
    1 => 'cms',
    2 => 'member',
  ),
)
[ info ] [ HEADER ] array (
  'host' => 'localhost',
  'connection' => 'keep-alive',
  'upgrade-insecure-requests' => '1',
  'user-agent' => 'Mozilla/5.0 (Windows NT 10.0; Win64; x64) AppleWebKit/537.36 (KHTML, like Gecko) Chrome/58.0.3029.110 Safari/537.36',
  'accept' => 'text/html,application/xhtml+xml,application/xml;q=0.9,image/webp,*/*;q=0.8',
  'referer' => 'http://localhost/project/iotstudio/index/cms/member.html',
  'accept-encoding' => 'gzip, deflate, sdch, br',
  'accept-language' => 'zh-CN,zh;q=0.8',
  'cookie' => 'Phpstorm-5547fa09=783ade7a-de49-4ae0-b7a2-0e4ea33c1bea; Phpstorm-bd2926e8=857be1c2-e28b-476d-b13e-3a6d848fae47; pgv_pvi=2761342976; _ga=GA1.1.1437015703.1490101787; admin=admin',
)
[ info ] [ PARAM ] array (
)
[ info ] [ RUN ] app\index\controller\Cms->member[ D:\wamp64\www\project\iotstudio\application\index\controller\Cms.php ]
[ info ] [ DB ] INIT mysql
[ info ] [ VIEW ] D:\wamp64\www\project\iotstudio/application/index\view\cms\member.html [ array (
  0 => 'admin',
  1 => 'members',
) ]
[ info ] [ LOG ] INIT File
[ sql ] [ DB ] CONNECT:[ UseTime:0.000763s ] mysql:dbname=iotstudio;host=127.0.0.1;port=3306;charset=utf8
[ sql ] [ SQL ] SHOW COLUMNS FROM `member` [ RunTime:0.000928s ]
[ sql ] [ SQL ] SELECT COUNT(*) AS tp_count FROM `member` LIMIT 1 [ RunTime:0.000319s ]
[ sql ] [ SQL ] SELECT * FROM `member` ORDER BY id desc LIMIT 0,10 [ RunTime:0.000450s ]

---------------------------------------------------------------
[ 2017-05-21T17:22:04+08:00 ] ::1 ::1 GET /project/iotstudio/index/cms/member.html
[ log ] localhost/project/iotstudio/index/cms/member.html [运行时间：0.035001s][吞吐率：28.57req/s] [内存消耗：3,434.23kb] [文件加载：57]
[ info ] [ LANG ] D:\wamp64\www\project\iotstudio\thinkphp\lang\zh-cn.php
[ info ] [ ROUTE ] array (
  'type' => 'module',
  'module' => 
  array (
    0 => 'index',
    1 => 'cms',
    2 => 'member',
  ),
)
[ info ] [ HEADER ] array (
  'host' => 'localhost',
  'connection' => 'keep-alive',
  'upgrade-insecure-requests' => '1',
  'user-agent' => 'Mozilla/5.0 (Windows NT 10.0; Win64; x64) AppleWebKit/537.36 (KHTML, like Gecko) Chrome/58.0.3029.110 Safari/537.36',
  'accept' => 'text/html,application/xhtml+xml,application/xml;q=0.9,image/webp,*/*;q=0.8',
  'referer' => 'http://localhost/project/iotstudio/index/cms/member.html',
  'accept-encoding' => 'gzip, deflate, sdch, br',
  'accept-language' => 'zh-CN,zh;q=0.8',
  'cookie' => 'Phpstorm-5547fa09=783ade7a-de49-4ae0-b7a2-0e4ea33c1bea; Phpstorm-bd2926e8=857be1c2-e28b-476d-b13e-3a6d848fae47; pgv_pvi=2761342976; _ga=GA1.1.1437015703.1490101787; admin=admin',
)
[ info ] [ PARAM ] array (
)
[ info ] [ RUN ] app\index\controller\Cms->member[ D:\wamp64\www\project\iotstudio\application\index\controller\Cms.php ]
[ info ] [ DB ] INIT mysql
[ info ] [ VIEW ] D:\wamp64\www\project\iotstudio/application/index\view\cms\member.html [ array (
  0 => 'admin',
  1 => 'members',
) ]
[ info ] [ LOG ] INIT File
[ sql ] [ DB ] CONNECT:[ UseTime:0.000885s ] mysql:dbname=iotstudio;host=127.0.0.1;port=3306;charset=utf8
[ sql ] [ SQL ] SHOW COLUMNS FROM `member` [ RunTime:0.000881s ]
[ sql ] [ SQL ] SELECT COUNT(*) AS tp_count FROM `member` LIMIT 1 [ RunTime:0.000306s ]
[ sql ] [ SQL ] SELECT * FROM `member` ORDER BY id desc LIMIT 0,10 [ RunTime:0.000597s ]

---------------------------------------------------------------
[ 2017-05-21T17:22:05+08:00 ] ::1 ::1 GET /project/iotstudio/index/cms/member.html
[ log ] localhost/project/iotstudio/index/cms/member.html [运行时间：0.034955s][吞吐率：28.61req/s] [内存消耗：3,434.23kb] [文件加载：57]
[ info ] [ LANG ] D:\wamp64\www\project\iotstudio\thinkphp\lang\zh-cn.php
[ info ] [ ROUTE ] array (
  'type' => 'module',
  'module' => 
  array (
    0 => 'index',
    1 => 'cms',
    2 => 'member',
  ),
)
[ info ] [ HEADER ] array (
  'host' => 'localhost',
  'connection' => 'keep-alive',
  'upgrade-insecure-requests' => '1',
  'user-agent' => 'Mozilla/5.0 (Windows NT 10.0; Win64; x64) AppleWebKit/537.36 (KHTML, like Gecko) Chrome/58.0.3029.110 Safari/537.36',
  'accept' => 'text/html,application/xhtml+xml,application/xml;q=0.9,image/webp,*/*;q=0.8',
  'referer' => 'http://localhost/project/iotstudio/index/cms/member.html',
  'accept-encoding' => 'gzip, deflate, sdch, br',
  'accept-language' => 'zh-CN,zh;q=0.8',
  'cookie' => 'Phpstorm-5547fa09=783ade7a-de49-4ae0-b7a2-0e4ea33c1bea; Phpstorm-bd2926e8=857be1c2-e28b-476d-b13e-3a6d848fae47; pgv_pvi=2761342976; _ga=GA1.1.1437015703.1490101787; admin=admin',
)
[ info ] [ PARAM ] array (
)
[ info ] [ RUN ] app\index\controller\Cms->member[ D:\wamp64\www\project\iotstudio\application\index\controller\Cms.php ]
[ info ] [ DB ] INIT mysql
[ info ] [ VIEW ] D:\wamp64\www\project\iotstudio/application/index\view\cms\member.html [ array (
  0 => 'admin',
  1 => 'members',
) ]
[ info ] [ LOG ] INIT File
[ sql ] [ DB ] CONNECT:[ UseTime:0.000777s ] mysql:dbname=iotstudio;host=127.0.0.1;port=3306;charset=utf8
[ sql ] [ SQL ] SHOW COLUMNS FROM `member` [ RunTime:0.000923s ]
[ sql ] [ SQL ] SELECT COUNT(*) AS tp_count FROM `member` LIMIT 1 [ RunTime:0.000312s ]
[ sql ] [ SQL ] SELECT * FROM `member` ORDER BY id desc LIMIT 0,10 [ RunTime:0.000484s ]

---------------------------------------------------------------
[ 2017-05-21T17:22:07+08:00 ] ::1 ::1 GET /project/iotstudio/index/index/logout.html
[ log ] localhost/project/iotstudio/index/index/logout.html [运行时间：0.020402s][吞吐率：49.01req/s] [内存消耗：2,325.61kb] [文件加载：48]
[ info ] [ LANG ] D:\wamp64\www\project\iotstudio\thinkphp\lang\zh-cn.php
[ info ] [ ROUTE ] array (
  'type' => 'module',
  'module' => 
  array (
    0 => 'index',
    1 => 'index',
    2 => 'logout',
  ),
)
[ info ] [ HEADER ] array (
  'host' => 'localhost',
  'connection' => 'keep-alive',
  'upgrade-insecure-requests' => '1',
  'user-agent' => 'Mozilla/5.0 (Windows NT 10.0; Win64; x64) AppleWebKit/537.36 (KHTML, like Gecko) Chrome/58.0.3029.110 Safari/537.36',
  'accept' => 'text/html,application/xhtml+xml,application/xml;q=0.9,image/webp,*/*;q=0.8',
  'referer' => 'http://localhost/project/iotstudio/index/cms/member.html',
  'accept-encoding' => 'gzip, deflate, sdch, br',
  'accept-language' => 'zh-CN,zh;q=0.8',
  'cookie' => 'Phpstorm-5547fa09=783ade7a-de49-4ae0-b7a2-0e4ea33c1bea; Phpstorm-bd2926e8=857be1c2-e28b-476d-b13e-3a6d848fae47; pgv_pvi=2761342976; _ga=GA1.1.1437015703.1490101787; admin=admin',
)
[ info ] [ PARAM ] array (
)
[ info ] [ RUN ] app\index\controller\Index->logout[ D:\wamp64\www\project\iotstudio\application\index\controller\Index.php ]
[ info ] [ VIEW ] D:\wamp64\www\project\iotstudio/application/index\view\public\dispatch_jump.html [ array (
  0 => 'code',
  1 => 'msg',
  2 => 'data',
  3 => 'url',
  4 => 'wait',
) ]
[ info ] [ LOG ] INIT File

---------------------------------------------------------------
[ 2017-05-21T17:22:08+08:00 ] ::1 ::1 GET /project/iotstudio/index/index/index.html
[ log ] localhost/project/iotstudio/index/index/index.html [运行时间：0.043470s][吞吐率：23.00req/s] [内存消耗：3,676.33kb] [文件加载：53]
[ info ] [ LANG ] D:\wamp64\www\project\iotstudio\thinkphp\lang\zh-cn.php
[ info ] [ ROUTE ] array (
  'type' => 'module',
  'module' => 
  array (
    0 => 'index',
    1 => 'index',
    2 => 'index',
  ),
)
[ info ] [ HEADER ] array (
  'host' => 'localhost',
  'connection' => 'keep-alive',
  'upgrade-insecure-requests' => '1',
  'user-agent' => 'Mozilla/5.0 (Windows NT 10.0; Win64; x64) AppleWebKit/537.36 (KHTML, like Gecko) Chrome/58.0.3029.110 Safari/537.36',
  'accept' => 'text/html,application/xhtml+xml,application/xml;q=0.9,image/webp,*/*;q=0.8',
  'referer' => 'http://localhost/project/iotstudio/index/index/logout.html',
  'accept-encoding' => 'gzip, deflate, sdch, br',
  'accept-language' => 'zh-CN,zh;q=0.8',
  'cookie' => 'Phpstorm-5547fa09=783ade7a-de49-4ae0-b7a2-0e4ea33c1bea; Phpstorm-bd2926e8=857be1c2-e28b-476d-b13e-3a6d848fae47; pgv_pvi=2761342976; _ga=GA1.1.1437015703.1490101787',
)
[ info ] [ PARAM ] array (
)
[ info ] [ RUN ] app\index\controller\Index->index[ D:\wamp64\www\project\iotstudio\application\index\controller\Index.php ]
[ info ] [ DB ] INIT mysql
[ info ] [ DB ] INIT mysql
[ info ] [ DB ] INIT mysql
[ info ] [ VIEW ] D:\wamp64\www\project\iotstudio/application/index\view\index\index.html [ array (
  0 => 'trends',
  1 => 'essays',
  2 => 'notice',
) ]
[ info ] [ LOG ] INIT File
[ sql ] [ DB ] CONNECT:[ UseTime:0.000837s ] mysql:dbname=iotstudio;host=127.0.0.1;port=3306;charset=utf8
[ sql ] [ SQL ] SHOW COLUMNS FROM `trend` [ RunTime:0.001105s ]
[ sql ] [ SQL ] SELECT * FROM `trend` ORDER BY id desc LIMIT 5 [ RunTime:0.000514s ]
[ sql ] [ DB ] CONNECT:[ UseTime:0.000747s ] mysql:dbname=iotstudio;host=127.0.0.1;port=3306;charset=utf8
[ sql ] [ SQL ] SHOW COLUMNS FROM `essay` [ RunTime:0.001151s ]
[ sql ] [ SQL ] SELECT * FROM `essay` ORDER BY id desc LIMIT 5 [ RunTime:0.002889s ]
[ sql ] [ DB ] CONNECT:[ UseTime:0.001245s ] mysql:dbname=iotstudio;host=127.0.0.1;port=3306;charset=utf8
[ sql ] [ SQL ] SHOW COLUMNS FROM `notice` [ RunTime:0.001056s ]
[ sql ] [ SQL ] SELECT * FROM `notice` ORDER BY id desc LIMIT 1 [ RunTime:0.000459s ]

---------------------------------------------------------------
