[ 2017-07-20T11:37:15+08:00 ] ::1 ::1 GET /project/iotstudio/
[ log ] localhost/project/iotstudio/ [运行时间：0.053815s][吞吐率：18.58req/s] [内存消耗：3,672.69kb] [文件加载：53]
[ info ] [ LANG ] D:\wamp64\www\project\iotstudio\thinkphp\lang\zh-cn.php
[ info ] [ ROUTE ] array (
  'type' => 'module',
  'module' => 
  array (
    0 => '',
    1 => NULL,
    2 => NULL,
  ),
)
[ info ] [ HEADER ] array (
  'host' => 'localhost',
  'connection' => 'keep-alive',
  'upgrade-insecure-requests' => '1',
  'user-agent' => 'Mozilla/5.0 (Windows NT 10.0; Win64; x64) AppleWebKit/537.36 (KHTML, like Gecko) Chrome/59.0.3071.115 Safari/537.36',
  'accept' => 'text/html,application/xhtml+xml,application/xml;q=0.9,image/webp,image/apng,*/*;q=0.8',
  'accept-encoding' => 'gzip, deflate, br',
  'accept-language' => 'zh-CN,zh;q=0.8',
  'cookie' => 'Phpstorm-5547fa09=783ade7a-de49-4ae0-b7a2-0e4ea33c1bea; Phpstorm-bd2926e8=857be1c2-e28b-476d-b13e-3a6d848fae47; pgv_pvi=2761342976; _ga=GA1.1.1437015703.1490101787',
)
[ info ] [ PARAM ] array (
)
[ info ] [ RUN ] app\index\controller\Index->index[ D:\wamp64\www\project\iotstudio\application\index\controller\Index.php ]
[ info ] [ DB ] INIT mysql
[ info ] [ DB ] INIT mysql
[ info ] [ DB ] INIT mysql
[ info ] [ VIEW ] D:\wamp64\www\project\iotstudio/application/index\view\index\index.html [ array (
  0 => 'trends',
  1 => 'essays',
  2 => 'notice',
) ]
[ info ] [ LOG ] INIT File
[ sql ] [ DB ] CONNECT:[ UseTime:0.003263s ] mysql:dbname=iotstudio;host=127.0.0.1;port=3306;charset=utf8
[ sql ] [ SQL ] SHOW COLUMNS FROM `trend` [ RunTime:0.001266s ]
[ sql ] [ SQL ] SELECT * FROM `trend` ORDER BY id desc LIMIT 5 [ RunTime:0.000556s ]
[ sql ] [ DB ] CONNECT:[ UseTime:0.002909s ] mysql:dbname=iotstudio;host=127.0.0.1;port=3306;charset=utf8
[ sql ] [ SQL ] SHOW COLUMNS FROM `essay` [ RunTime:0.000970s ]
[ sql ] [ SQL ] SELECT * FROM `essay` ORDER BY id desc LIMIT 5 [ RunTime:0.002842s ]
[ sql ] [ DB ] CONNECT:[ UseTime:0.003088s ] mysql:dbname=iotstudio;host=127.0.0.1;port=3306;charset=utf8
[ sql ] [ SQL ] SHOW COLUMNS FROM `notice` [ RunTime:0.004642s ]
[ sql ] [ SQL ] SELECT * FROM `notice` ORDER BY id desc LIMIT 1 [ RunTime:0.000566s ]

---------------------------------------------------------------
[ 2017-07-20T11:37:19+08:00 ] ::1 ::1 GET /project/iotstudio/
[ log ] localhost/project/iotstudio/ [运行时间：0.055062s][吞吐率：18.16req/s] [内存消耗：3,673.09kb] [文件加载：53]
[ info ] [ LANG ] D:\wamp64\www\project\iotstudio\thinkphp\lang\zh-cn.php
[ info ] [ ROUTE ] array (
  'type' => 'module',
  'module' => 
  array (
    0 => '',
    1 => NULL,
    2 => NULL,
  ),
)
[ info ] [ HEADER ] array (
  'host' => 'localhost',
  'connection' => 'keep-alive',
  'cache-control' => 'max-age=0',
  'upgrade-insecure-requests' => '1',
  'user-agent' => 'Mozilla/5.0 (Windows NT 10.0; Win64; x64) AppleWebKit/537.36 (KHTML, like Gecko) Chrome/59.0.3071.115 Safari/537.36',
  'accept' => 'text/html,application/xhtml+xml,application/xml;q=0.9,image/webp,image/apng,*/*;q=0.8',
  'accept-encoding' => 'gzip, deflate, br',
  'accept-language' => 'zh-CN,zh;q=0.8',
  'cookie' => 'Phpstorm-5547fa09=783ade7a-de49-4ae0-b7a2-0e4ea33c1bea; Phpstorm-bd2926e8=857be1c2-e28b-476d-b13e-3a6d848fae47; pgv_pvi=2761342976; _ga=GA1.1.1437015703.1490101787',
)
[ info ] [ PARAM ] array (
)
[ info ] [ RUN ] app\index\controller\Index->index[ D:\wamp64\www\project\iotstudio\application\index\controller\Index.php ]
[ info ] [ DB ] INIT mysql
[ info ] [ DB ] INIT mysql
[ info ] [ DB ] INIT mysql
[ info ] [ VIEW ] D:\wamp64\www\project\iotstudio/application/index\view\index\index.html [ array (
  0 => 'trends',
  1 => 'essays',
  2 => 'notice',
) ]
[ info ] [ LOG ] INIT File
[ sql ] [ DB ] CONNECT:[ UseTime:0.002752s ] mysql:dbname=iotstudio;host=127.0.0.1;port=3306;charset=utf8
[ sql ] [ SQL ] SHOW COLUMNS FROM `trend` [ RunTime:0.000945s ]
[ sql ] [ SQL ] SELECT * FROM `trend` ORDER BY id desc LIMIT 5 [ RunTime:0.000625s ]
[ sql ] [ DB ] CONNECT:[ UseTime:0.003217s ] mysql:dbname=iotstudio;host=127.0.0.1;port=3306;charset=utf8
[ sql ] [ SQL ] SHOW COLUMNS FROM `essay` [ RunTime:0.000947s ]
[ sql ] [ SQL ] SELECT * FROM `essay` ORDER BY id desc LIMIT 5 [ RunTime:0.003890s ]
[ sql ] [ DB ] CONNECT:[ UseTime:0.003249s ] mysql:dbname=iotstudio;host=127.0.0.1;port=3306;charset=utf8
[ sql ] [ SQL ] SHOW COLUMNS FROM `notice` [ RunTime:0.001150s ]
[ sql ] [ SQL ] SELECT * FROM `notice` ORDER BY id desc LIMIT 1 [ RunTime:0.000427s ]

---------------------------------------------------------------
[ 2017-07-20T11:37:21+08:00 ] ::1 ::1 GET /project/iotstudio/index/read/index.html?type=trend&id=37
[ log ] localhost/project/iotstudio/index/read/index.html?type=trend&id=37 [运行时间：0.037155s][吞吐率：26.91req/s] [内存消耗：3,546.64kb] [文件加载：55]
[ info ] [ LANG ] D:\wamp64\www\project\iotstudio\thinkphp\lang\zh-cn.php
[ info ] [ ROUTE ] array (
  'type' => 'module',
  'module' => 
  array (
    0 => 'index',
    1 => 'read',
    2 => 'index',
  ),
)
[ info ] [ HEADER ] array (
  'host' => 'localhost',
  'connection' => 'keep-alive',
  'upgrade-insecure-requests' => '1',
  'user-agent' => 'Mozilla/5.0 (Windows NT 10.0; Win64; x64) AppleWebKit/537.36 (KHTML, like Gecko) Chrome/59.0.3071.115 Safari/537.36',
  'accept' => 'text/html,application/xhtml+xml,application/xml;q=0.9,image/webp,image/apng,*/*;q=0.8',
  'referer' => 'http://localhost/project/iotstudio/',
  'accept-encoding' => 'gzip, deflate, br',
  'accept-language' => 'zh-CN,zh;q=0.8',
  'cookie' => 'Phpstorm-5547fa09=783ade7a-de49-4ae0-b7a2-0e4ea33c1bea; Phpstorm-bd2926e8=857be1c2-e28b-476d-b13e-3a6d848fae47; pgv_pvi=2761342976; _ga=GA1.1.1437015703.1490101787',
)
[ info ] [ PARAM ] array (
  'type' => 'trend',
  'id' => '37',
)
[ info ] [ RUN ] app\index\controller\Read->index[ D:\wamp64\www\project\iotstudio\application\index\controller\Read.php ]
[ info ] [ DB ] INIT mysql
[ info ] [ VIEW ] D:\wamp64\www\project\iotstudio/application/index\view\Index\read.html [ array (
  0 => 'data',
) ]
[ info ] [ LOG ] INIT File
[ sql ] [ DB ] CONNECT:[ UseTime:0.002762s ] mysql:dbname=iotstudio;host=127.0.0.1;port=3306;charset=utf8
[ sql ] [ SQL ] SHOW COLUMNS FROM `trend` [ RunTime:0.000907s ]
[ sql ] [ SQL ] SELECT * FROM `trend` WHERE  `id` = 37 LIMIT 1 [ RunTime:0.000507s ]

---------------------------------------------------------------
[ 2017-07-20T12:03:37+08:00 ] ::1 ::1 GET /project/iotstudio/index/read/index.html?type=trend&id=37
[ log ] localhost/project/iotstudio/index/read/index.html?type=trend&id=37 [运行时间：0.148612s][吞吐率：6.73req/s] [内存消耗：3,589.22kb] [文件加载：55]
[ info ] [ LANG ] D:\wamp64\www\project\iotstudio\thinkphp\lang\zh-cn.php
[ info ] [ ROUTE ] array (
  'type' => 'module',
  'module' => 
  array (
    0 => 'index',
    1 => 'read',
    2 => 'index',
  ),
)
[ info ] [ HEADER ] array (
  'host' => 'localhost',
  'connection' => 'keep-alive',
  'cache-control' => 'max-age=0',
  'upgrade-insecure-requests' => '1',
  'user-agent' => 'Mozilla/5.0 (Windows NT 10.0; Win64; x64) AppleWebKit/537.36 (KHTML, like Gecko) Chrome/59.0.3071.115 Safari/537.36',
  'accept' => 'text/html,application/xhtml+xml,application/xml;q=0.9,image/webp,image/apng,*/*;q=0.8',
  'referer' => 'http://localhost/project/iotstudio/',
  'accept-encoding' => 'gzip, deflate, br',
  'accept-language' => 'zh-CN,zh;q=0.8',
  'cookie' => 'Phpstorm-5547fa09=783ade7a-de49-4ae0-b7a2-0e4ea33c1bea; Phpstorm-bd2926e8=857be1c2-e28b-476d-b13e-3a6d848fae47; pgv_pvi=2761342976; _ga=GA1.1.1437015703.1490101787',
)
[ info ] [ PARAM ] array (
  'type' => 'trend',
  'id' => '37',
)
[ info ] [ RUN ] app\index\controller\Read->index[ D:\wamp64\www\project\iotstudio\application\index\controller\Read.php ]
[ info ] [ DB ] INIT mysql
[ info ] [ VIEW ] D:\wamp64\www\project\iotstudio/application/index\view\Index\read.html [ array (
  0 => 'data',
) ]
[ info ] [ LOG ] INIT File
[ sql ] [ DB ] CONNECT:[ UseTime:0.004215s ] mysql:dbname=iotstudio;host=127.0.0.1;port=3306;charset=utf8
[ sql ] [ SQL ] SHOW COLUMNS FROM `trend` [ RunTime:0.001506s ]
[ sql ] [ SQL ] SELECT * FROM `trend` WHERE  `id` = 37 LIMIT 1 [ RunTime:0.000598s ]
[ sql ] [ SQL ] SELECT * FROM `trend` WHERE  `id` < 37 LIMIT 1 [ RunTime:0.074975s ]
[ sql ] [ SQL ] SELECT * FROM `trend` WHERE  `id` > 37 LIMIT 1 [ RunTime:0.000319s ]

---------------------------------------------------------------
[ 2017-07-20T12:03:44+08:00 ] ::1 ::1 GET /project/iotstudio/index/index/index.html
[ log ] localhost/project/iotstudio/index/index/index.html [运行时间：0.051543s][吞吐率：19.40req/s] [内存消耗：3,673.31kb] [文件加载：53]
[ info ] [ LANG ] D:\wamp64\www\project\iotstudio\thinkphp\lang\zh-cn.php
[ info ] [ ROUTE ] array (
  'type' => 'module',
  'module' => 
  array (
    0 => 'index',
    1 => 'index',
    2 => 'index',
  ),
)
[ info ] [ HEADER ] array (
  'host' => 'localhost',
  'connection' => 'keep-alive',
  'upgrade-insecure-requests' => '1',
  'user-agent' => 'Mozilla/5.0 (Windows NT 10.0; Win64; x64) AppleWebKit/537.36 (KHTML, like Gecko) Chrome/59.0.3071.115 Safari/537.36',
  'accept' => 'text/html,application/xhtml+xml,application/xml;q=0.9,image/webp,image/apng,*/*;q=0.8',
  'referer' => 'http://localhost/project/iotstudio/index/read/index.html?type=trend&id=37',
  'accept-encoding' => 'gzip, deflate, br',
  'accept-language' => 'zh-CN,zh;q=0.8',
  'cookie' => 'Phpstorm-5547fa09=783ade7a-de49-4ae0-b7a2-0e4ea33c1bea; Phpstorm-bd2926e8=857be1c2-e28b-476d-b13e-3a6d848fae47; pgv_pvi=2761342976; _ga=GA1.1.1437015703.1490101787',
)
[ info ] [ PARAM ] array (
)
[ info ] [ RUN ] app\index\controller\Index->index[ D:\wamp64\www\project\iotstudio\application\index\controller\Index.php ]
[ info ] [ DB ] INIT mysql
[ info ] [ DB ] INIT mysql
[ info ] [ DB ] INIT mysql
[ info ] [ VIEW ] D:\wamp64\www\project\iotstudio/application/index\view\index\index.html [ array (
  0 => 'trends',
  1 => 'essays',
  2 => 'notice',
) ]
[ info ] [ LOG ] INIT File
[ sql ] [ DB ] CONNECT:[ UseTime:0.003621s ] mysql:dbname=iotstudio;host=127.0.0.1;port=3306;charset=utf8
[ sql ] [ SQL ] SHOW COLUMNS FROM `trend` [ RunTime:0.000894s ]
[ sql ] [ SQL ] SELECT * FROM `trend` ORDER BY id desc LIMIT 5 [ RunTime:0.000526s ]
[ sql ] [ DB ] CONNECT:[ UseTime:0.002791s ] mysql:dbname=iotstudio;host=127.0.0.1;port=3306;charset=utf8
[ sql ] [ SQL ] SHOW COLUMNS FROM `essay` [ RunTime:0.000952s ]
[ sql ] [ SQL ] SELECT * FROM `essay` ORDER BY id desc LIMIT 5 [ RunTime:0.003066s ]
[ sql ] [ DB ] CONNECT:[ UseTime:0.002765s ] mysql:dbname=iotstudio;host=127.0.0.1;port=3306;charset=utf8
[ sql ] [ SQL ] SHOW COLUMNS FROM `notice` [ RunTime:0.001021s ]
[ sql ] [ SQL ] SELECT * FROM `notice` ORDER BY id desc LIMIT 1 [ RunTime:0.000452s ]

---------------------------------------------------------------
[ 2017-07-20T12:03:45+08:00 ] ::1 ::1 GET /project/iotstudio/index/index/trends_1.html
[ log ] localhost/project/iotstudio/index/index/trends_1.html [运行时间：0.038511s][吞吐率：25.97req/s] [内存消耗：3,382.19kb] [文件加载：56]
[ info ] [ LANG ] D:\wamp64\www\project\iotstudio\thinkphp\lang\zh-cn.php
[ info ] [ ROUTE ] array (
  'type' => 'module',
  'module' => 
  array (
    0 => 'index',
    1 => 'index',
    2 => 'trends_1',
  ),
)
[ info ] [ HEADER ] array (
  'host' => 'localhost',
  'connection' => 'keep-alive',
  'upgrade-insecure-requests' => '1',
  'user-agent' => 'Mozilla/5.0 (Windows NT 10.0; Win64; x64) AppleWebKit/537.36 (KHTML, like Gecko) Chrome/59.0.3071.115 Safari/537.36',
  'accept' => 'text/html,application/xhtml+xml,application/xml;q=0.9,image/webp,image/apng,*/*;q=0.8',
  'referer' => 'http://localhost/project/iotstudio/index/index/index.html',
  'accept-encoding' => 'gzip, deflate, br',
  'accept-language' => 'zh-CN,zh;q=0.8',
  'cookie' => 'Phpstorm-5547fa09=783ade7a-de49-4ae0-b7a2-0e4ea33c1bea; Phpstorm-bd2926e8=857be1c2-e28b-476d-b13e-3a6d848fae47; pgv_pvi=2761342976; _ga=GA1.1.1437015703.1490101787',
)
[ info ] [ PARAM ] array (
)
[ info ] [ RUN ] app\index\controller\Index->trends_1[ D:\wamp64\www\project\iotstudio\application\index\controller\Index.php ]
[ info ] [ DB ] INIT mysql
[ info ] [ VIEW ] D:\wamp64\www\project\iotstudio/application/index\view\index\trends_1.html [ array (
  0 => 'trends',
) ]
[ info ] [ LOG ] INIT File
[ sql ] [ DB ] CONNECT:[ UseTime:0.003338s ] mysql:dbname=iotstudio;host=127.0.0.1;port=3306;charset=utf8
[ sql ] [ SQL ] SHOW COLUMNS FROM `trend` [ RunTime:0.000936s ]
[ sql ] [ SQL ] SELECT COUNT(*) AS tp_count FROM `trend` LIMIT 1 [ RunTime:0.000264s ]
[ sql ] [ SQL ] SELECT * FROM `trend` ORDER BY id desc LIMIT 0,15 [ RunTime:0.000538s ]

---------------------------------------------------------------
[ 2017-07-20T12:03:47+08:00 ] ::1 ::1 GET /project/iotstudio/index/index/trends_2.html
[ log ] localhost/project/iotstudio/index/index/trends_2.html [运行时间：0.047218s][吞吐率：21.18req/s] [内存消耗：3,641.30kb] [文件加载：56]
[ info ] [ LANG ] D:\wamp64\www\project\iotstudio\thinkphp\lang\zh-cn.php
[ info ] [ ROUTE ] array (
  'type' => 'module',
  'module' => 
  array (
    0 => 'index',
    1 => 'index',
    2 => 'trends_2',
  ),
)
[ info ] [ HEADER ] array (
  'host' => 'localhost',
  'connection' => 'keep-alive',
  'upgrade-insecure-requests' => '1',
  'user-agent' => 'Mozilla/5.0 (Windows NT 10.0; Win64; x64) AppleWebKit/537.36 (KHTML, like Gecko) Chrome/59.0.3071.115 Safari/537.36',
  'accept' => 'text/html,application/xhtml+xml,application/xml;q=0.9,image/webp,image/apng,*/*;q=0.8',
  'referer' => 'http://localhost/project/iotstudio/index/index/trends_1.html',
  'accept-encoding' => 'gzip, deflate, br',
  'accept-language' => 'zh-CN,zh;q=0.8',
  'cookie' => 'Phpstorm-5547fa09=783ade7a-de49-4ae0-b7a2-0e4ea33c1bea; Phpstorm-bd2926e8=857be1c2-e28b-476d-b13e-3a6d848fae47; pgv_pvi=2761342976; _ga=GA1.1.1437015703.1490101787',
)
[ info ] [ PARAM ] array (
)
[ info ] [ RUN ] app\index\controller\Index->trends_2[ D:\wamp64\www\project\iotstudio\application\index\controller\Index.php ]
[ info ] [ DB ] INIT mysql
[ info ] [ VIEW ] D:\wamp64\www\project\iotstudio/application/index\view\index\trends_2.html [ array (
  0 => 'essays',
) ]
[ info ] [ LOG ] INIT File
[ sql ] [ DB ] CONNECT:[ UseTime:0.002675s ] mysql:dbname=iotstudio;host=127.0.0.1;port=3306;charset=utf8
[ sql ] [ SQL ] SHOW COLUMNS FROM `essay` [ RunTime:0.006345s ]
[ sql ] [ SQL ] SELECT COUNT(*) AS tp_count FROM `essay` LIMIT 1 [ RunTime:0.000387s ]
[ sql ] [ SQL ] SELECT * FROM `essay` ORDER BY id desc LIMIT 0,15 [ RunTime:0.002816s ]

---------------------------------------------------------------
[ 2017-07-20T12:03:47+08:00 ] ::1 ::1 GET /project/iotstudio/index/read/index.html?type=essay&id=1
[ log ] localhost/project/iotstudio/index/read/index.html?type=essay&id=1 [运行时间：0.041775s][吞吐率：23.94req/s] [内存消耗：3,817.08kb] [文件加载：55]
[ info ] [ LANG ] D:\wamp64\www\project\iotstudio\thinkphp\lang\zh-cn.php
[ info ] [ ROUTE ] array (
  'type' => 'module',
  'module' => 
  array (
    0 => 'index',
    1 => 'read',
    2 => 'index',
  ),
)
[ info ] [ HEADER ] array (
  'host' => 'localhost',
  'connection' => 'keep-alive',
  'upgrade-insecure-requests' => '1',
  'user-agent' => 'Mozilla/5.0 (Windows NT 10.0; Win64; x64) AppleWebKit/537.36 (KHTML, like Gecko) Chrome/59.0.3071.115 Safari/537.36',
  'accept' => 'text/html,application/xhtml+xml,application/xml;q=0.9,image/webp,image/apng,*/*;q=0.8',
  'referer' => 'http://localhost/project/iotstudio/index/index/trends_2.html',
  'accept-encoding' => 'gzip, deflate, br',
  'accept-language' => 'zh-CN,zh;q=0.8',
  'cookie' => 'Phpstorm-5547fa09=783ade7a-de49-4ae0-b7a2-0e4ea33c1bea; Phpstorm-bd2926e8=857be1c2-e28b-476d-b13e-3a6d848fae47; pgv_pvi=2761342976; _ga=GA1.1.1437015703.1490101787',
)
[ info ] [ PARAM ] array (
  'type' => 'essay',
  'id' => '1',
)
[ info ] [ RUN ] app\index\controller\Read->index[ D:\wamp64\www\project\iotstudio\application\index\controller\Read.php ]
[ info ] [ DB ] INIT mysql
[ info ] [ VIEW ] D:\wamp64\www\project\iotstudio/application/index\view\Index\read.html [ array (
  0 => 'data',
) ]
[ info ] [ LOG ] INIT File
[ sql ] [ DB ] CONNECT:[ UseTime:0.002761s ] mysql:dbname=iotstudio;host=127.0.0.1;port=3306;charset=utf8
[ sql ] [ SQL ] SHOW COLUMNS FROM `essay` [ RunTime:0.000934s ]
[ sql ] [ SQL ] SELECT * FROM `essay` WHERE  `id` = 1 LIMIT 1 [ RunTime:0.002901s ]
[ sql ] [ SQL ] SELECT * FROM `essay` WHERE  `id` < 1 LIMIT 1 [ RunTime:0.000926s ]
[ sql ] [ SQL ] SELECT * FROM `essay` WHERE  `id` > 1 LIMIT 1 [ RunTime:0.000378s ]

---------------------------------------------------------------
[ 2017-07-20T12:05:27+08:00 ] ::1 ::1 GET /project/iotstudio/index/index/index.html
[ log ] localhost/project/iotstudio/index/index/index.html [运行时间：0.049455s][吞吐率：20.22req/s] [内存消耗：3,673.31kb] [文件加载：53]
[ info ] [ LANG ] D:\wamp64\www\project\iotstudio\thinkphp\lang\zh-cn.php
[ info ] [ ROUTE ] array (
  'type' => 'module',
  'module' => 
  array (
    0 => 'index',
    1 => 'index',
    2 => 'index',
  ),
)
[ info ] [ HEADER ] array (
  'host' => 'localhost',
  'connection' => 'keep-alive',
  'upgrade-insecure-requests' => '1',
  'user-agent' => 'Mozilla/5.0 (Windows NT 10.0; Win64; x64) AppleWebKit/537.36 (KHTML, like Gecko) Chrome/59.0.3071.115 Safari/537.36',
  'accept' => 'text/html,application/xhtml+xml,application/xml;q=0.9,image/webp,image/apng,*/*;q=0.8',
  'referer' => 'http://localhost/project/iotstudio/index/read/index.html?type=essay&id=1',
  'accept-encoding' => 'gzip, deflate, br',
  'accept-language' => 'zh-CN,zh;q=0.8',
  'cookie' => 'Phpstorm-5547fa09=783ade7a-de49-4ae0-b7a2-0e4ea33c1bea; Phpstorm-bd2926e8=857be1c2-e28b-476d-b13e-3a6d848fae47; pgv_pvi=2761342976; _ga=GA1.1.1437015703.1490101787',
)
[ info ] [ PARAM ] array (
)
[ info ] [ RUN ] app\index\controller\Index->index[ D:\wamp64\www\project\iotstudio\application\index\controller\Index.php ]
[ info ] [ DB ] INIT mysql
[ info ] [ DB ] INIT mysql
[ info ] [ DB ] INIT mysql
[ info ] [ VIEW ] D:\wamp64\www\project\iotstudio/application/index\view\index\index.html [ array (
  0 => 'trends',
  1 => 'essays',
  2 => 'notice',
) ]
[ info ] [ LOG ] INIT File
[ sql ] [ DB ] CONNECT:[ UseTime:0.003298s ] mysql:dbname=iotstudio;host=127.0.0.1;port=3306;charset=utf8
[ sql ] [ SQL ] SHOW COLUMNS FROM `trend` [ RunTime:0.001066s ]
[ sql ] [ SQL ] SELECT * FROM `trend` ORDER BY id desc LIMIT 5 [ RunTime:0.000529s ]
[ sql ] [ DB ] CONNECT:[ UseTime:0.003111s ] mysql:dbname=iotstudio;host=127.0.0.1;port=3306;charset=utf8
[ sql ] [ SQL ] SHOW COLUMNS FROM `essay` [ RunTime:0.001075s ]
[ sql ] [ SQL ] SELECT * FROM `essay` ORDER BY id desc LIMIT 5 [ RunTime:0.002788s ]
[ sql ] [ DB ] CONNECT:[ UseTime:0.003556s ] mysql:dbname=iotstudio;host=127.0.0.1;port=3306;charset=utf8
[ sql ] [ SQL ] SHOW COLUMNS FROM `notice` [ RunTime:0.001113s ]
[ sql ] [ SQL ] SELECT * FROM `notice` ORDER BY id desc LIMIT 1 [ RunTime:0.000512s ]

---------------------------------------------------------------
[ 2017-07-20T12:05:28+08:00 ] ::1 ::1 GET /project/iotstudio/index/index/trends_1.html
[ log ] localhost/project/iotstudio/index/index/trends_1.html [运行时间：0.041119s][吞吐率：24.32req/s] [内存消耗：3,382.19kb] [文件加载：56]
[ info ] [ LANG ] D:\wamp64\www\project\iotstudio\thinkphp\lang\zh-cn.php
[ info ] [ ROUTE ] array (
  'type' => 'module',
  'module' => 
  array (
    0 => 'index',
    1 => 'index',
    2 => 'trends_1',
  ),
)
[ info ] [ HEADER ] array (
  'host' => 'localhost',
  'connection' => 'keep-alive',
  'upgrade-insecure-requests' => '1',
  'user-agent' => 'Mozilla/5.0 (Windows NT 10.0; Win64; x64) AppleWebKit/537.36 (KHTML, like Gecko) Chrome/59.0.3071.115 Safari/537.36',
  'accept' => 'text/html,application/xhtml+xml,application/xml;q=0.9,image/webp,image/apng,*/*;q=0.8',
  'referer' => 'http://localhost/project/iotstudio/index/index/index.html',
  'accept-encoding' => 'gzip, deflate, br',
  'accept-language' => 'zh-CN,zh;q=0.8',
  'cookie' => 'Phpstorm-5547fa09=783ade7a-de49-4ae0-b7a2-0e4ea33c1bea; Phpstorm-bd2926e8=857be1c2-e28b-476d-b13e-3a6d848fae47; pgv_pvi=2761342976; _ga=GA1.1.1437015703.1490101787',
)
[ info ] [ PARAM ] array (
)
[ info ] [ RUN ] app\index\controller\Index->trends_1[ D:\wamp64\www\project\iotstudio\application\index\controller\Index.php ]
[ info ] [ DB ] INIT mysql
[ info ] [ VIEW ] D:\wamp64\www\project\iotstudio/application/index\view\index\trends_1.html [ array (
  0 => 'trends',
) ]
[ info ] [ LOG ] INIT File
[ sql ] [ DB ] CONNECT:[ UseTime:0.003049s ] mysql:dbname=iotstudio;host=127.0.0.1;port=3306;charset=utf8
[ sql ] [ SQL ] SHOW COLUMNS FROM `trend` [ RunTime:0.000967s ]
[ sql ] [ SQL ] SELECT COUNT(*) AS tp_count FROM `trend` LIMIT 1 [ RunTime:0.000376s ]
[ sql ] [ SQL ] SELECT * FROM `trend` ORDER BY id desc LIMIT 0,15 [ RunTime:0.000677s ]

---------------------------------------------------------------
[ 2017-07-20T12:05:30+08:00 ] ::1 ::1 GET /project/iotstudio/index/read/index.html?type=trend&id=37
[ log ] localhost/project/iotstudio/index/read/index.html?type=trend&id=37 [运行时间：0.040328s][吞吐率：24.80req/s] [内存消耗：3,589.17kb] [文件加载：55]
[ info ] [ LANG ] D:\wamp64\www\project\iotstudio\thinkphp\lang\zh-cn.php
[ info ] [ ROUTE ] array (
  'type' => 'module',
  'module' => 
  array (
    0 => 'index',
    1 => 'read',
    2 => 'index',
  ),
)
[ info ] [ HEADER ] array (
  'host' => 'localhost',
  'connection' => 'keep-alive',
  'upgrade-insecure-requests' => '1',
  'user-agent' => 'Mozilla/5.0 (Windows NT 10.0; Win64; x64) AppleWebKit/537.36 (KHTML, like Gecko) Chrome/59.0.3071.115 Safari/537.36',
  'accept' => 'text/html,application/xhtml+xml,application/xml;q=0.9,image/webp,image/apng,*/*;q=0.8',
  'referer' => 'http://localhost/project/iotstudio/index/index/trends_1.html',
  'accept-encoding' => 'gzip, deflate, br',
  'accept-language' => 'zh-CN,zh;q=0.8',
  'cookie' => 'Phpstorm-5547fa09=783ade7a-de49-4ae0-b7a2-0e4ea33c1bea; Phpstorm-bd2926e8=857be1c2-e28b-476d-b13e-3a6d848fae47; pgv_pvi=2761342976; _ga=GA1.1.1437015703.1490101787',
)
[ info ] [ PARAM ] array (
  'type' => 'trend',
  'id' => '37',
)
[ info ] [ RUN ] app\index\controller\Read->index[ D:\wamp64\www\project\iotstudio\application\index\controller\Read.php ]
[ info ] [ DB ] INIT mysql
[ info ] [ VIEW ] D:\wamp64\www\project\iotstudio/application/index\view\Index\read.html [ array (
  0 => 'data',
) ]
[ info ] [ LOG ] INIT File
[ sql ] [ DB ] CONNECT:[ UseTime:0.003065s ] mysql:dbname=iotstudio;host=127.0.0.1;port=3306;charset=utf8
[ sql ] [ SQL ] SHOW COLUMNS FROM `trend` [ RunTime:0.000880s ]
[ sql ] [ SQL ] SELECT * FROM `trend` WHERE  `id` = 37 LIMIT 1 [ RunTime:0.000485s ]
[ sql ] [ SQL ] SELECT * FROM `trend` WHERE  `id` < 37 LIMIT 1 [ RunTime:0.001575s ]
[ sql ] [ SQL ] SELECT * FROM `trend` WHERE  `id` > 37 LIMIT 1 [ RunTime:0.000413s ]

---------------------------------------------------------------
[ 2017-07-20T12:05:34+08:00 ] ::1 ::1 GET /project/iotstudio/index/read/index.html?type=trend&id=36
[ log ] localhost/project/iotstudio/index/read/index.html?type=trend&id=36 [运行时间：0.040741s][吞吐率：24.55req/s] [内存消耗：3,589.48kb] [文件加载：55]
[ info ] [ LANG ] D:\wamp64\www\project\iotstudio\thinkphp\lang\zh-cn.php
[ info ] [ ROUTE ] array (
  'type' => 'module',
  'module' => 
  array (
    0 => 'index',
    1 => 'read',
    2 => 'index',
  ),
)
[ info ] [ HEADER ] array (
  'host' => 'localhost',
  'connection' => 'keep-alive',
  'upgrade-insecure-requests' => '1',
  'user-agent' => 'Mozilla/5.0 (Windows NT 10.0; Win64; x64) AppleWebKit/537.36 (KHTML, like Gecko) Chrome/59.0.3071.115 Safari/537.36',
  'accept' => 'text/html,application/xhtml+xml,application/xml;q=0.9,image/webp,image/apng,*/*;q=0.8',
  'referer' => 'http://localhost/project/iotstudio/index/index/trends_1.html',
  'accept-encoding' => 'gzip, deflate, br',
  'accept-language' => 'zh-CN,zh;q=0.8',
  'cookie' => 'Phpstorm-5547fa09=783ade7a-de49-4ae0-b7a2-0e4ea33c1bea; Phpstorm-bd2926e8=857be1c2-e28b-476d-b13e-3a6d848fae47; pgv_pvi=2761342976; _ga=GA1.1.1437015703.1490101787',
)
[ info ] [ PARAM ] array (
  'type' => 'trend',
  'id' => '36',
)
[ info ] [ RUN ] app\index\controller\Read->index[ D:\wamp64\www\project\iotstudio\application\index\controller\Read.php ]
[ info ] [ DB ] INIT mysql
[ info ] [ VIEW ] D:\wamp64\www\project\iotstudio/application/index\view\Index\read.html [ array (
  0 => 'data',
) ]
[ info ] [ LOG ] INIT File
[ sql ] [ DB ] CONNECT:[ UseTime:0.002964s ] mysql:dbname=iotstudio;host=127.0.0.1;port=3306;charset=utf8
[ sql ] [ SQL ] SHOW COLUMNS FROM `trend` [ RunTime:0.000890s ]
[ sql ] [ SQL ] SELECT * FROM `trend` WHERE  `id` = 36 LIMIT 1 [ RunTime:0.000500s ]
[ sql ] [ SQL ] SELECT * FROM `trend` WHERE  `id` < 36 LIMIT 1 [ RunTime:0.001591s ]
[ sql ] [ SQL ] SELECT * FROM `trend` WHERE  `id` > 36 LIMIT 1 [ RunTime:0.000435s ]

---------------------------------------------------------------
[ 2017-07-20T12:06:15+08:00 ] ::1 ::1 GET /project/iotstudio/index/read/index.html?type=trend&id=36
[ log ] localhost/project/iotstudio/index/read/index.html?type=trend&id=36 [运行时间：0.044586s][吞吐率：22.43req/s] [内存消耗：3,592.02kb] [文件加载：55]
[ info ] [ LANG ] D:\wamp64\www\project\iotstudio\thinkphp\lang\zh-cn.php
[ info ] [ ROUTE ] array (
  'type' => 'module',
  'module' => 
  array (
    0 => 'index',
    1 => 'read',
    2 => 'index',
  ),
)
[ info ] [ HEADER ] array (
  'host' => 'localhost',
  'connection' => 'keep-alive',
  'cache-control' => 'max-age=0',
  'upgrade-insecure-requests' => '1',
  'user-agent' => 'Mozilla/5.0 (Windows NT 10.0; Win64; x64) AppleWebKit/537.36 (KHTML, like Gecko) Chrome/59.0.3071.115 Safari/537.36',
  'accept' => 'text/html,application/xhtml+xml,application/xml;q=0.9,image/webp,image/apng,*/*;q=0.8',
  'referer' => 'http://localhost/project/iotstudio/index/index/trends_1.html',
  'accept-encoding' => 'gzip, deflate, br',
  'accept-language' => 'zh-CN,zh;q=0.8',
  'cookie' => 'Phpstorm-5547fa09=783ade7a-de49-4ae0-b7a2-0e4ea33c1bea; Phpstorm-bd2926e8=857be1c2-e28b-476d-b13e-3a6d848fae47; pgv_pvi=2761342976; _ga=GA1.1.1437015703.1490101787',
)
[ info ] [ PARAM ] array (
  'type' => 'trend',
  'id' => '36',
)
[ info ] [ RUN ] app\index\controller\Read->index[ D:\wamp64\www\project\iotstudio\application\index\controller\Read.php ]
[ info ] [ DB ] INIT mysql
[ info ] [ VIEW ] D:\wamp64\www\project\iotstudio/application/index\view\Index\read.html [ array (
  0 => 'data',
) ]
[ info ] [ LOG ] INIT File
[ sql ] [ DB ] CONNECT:[ UseTime:0.002893s ] mysql:dbname=iotstudio;host=127.0.0.1;port=3306;charset=utf8
[ sql ] [ SQL ] SHOW COLUMNS FROM `trend` [ RunTime:0.001003s ]
[ sql ] [ SQL ] SELECT * FROM `trend` WHERE  `id` = 36 LIMIT 1 [ RunTime:0.000549s ]
[ sql ] [ SQL ] SELECT * FROM `trend` WHERE  `id` < 36 LIMIT 1 [ RunTime:0.001709s ]
[ sql ] [ SQL ] SELECT * FROM `trend` WHERE  `id` > 36 LIMIT 1 [ RunTime:0.000441s ]

---------------------------------------------------------------
[ 2017-07-20T12:06:23+08:00 ] ::1 ::1 GET /project/iotstudio/index/read/index.html?type=trend&id=111
[ log ] localhost/project/iotstudio/index/read/index.html?type=trend&id=111 [运行时间：0.039030s][吞吐率：25.62req/s] [内存消耗：3,476.47kb] [文件加载：55]
[ info ] [ LANG ] D:\wamp64\www\project\iotstudio\thinkphp\lang\zh-cn.php
[ info ] [ ROUTE ] array (
  'type' => 'module',
  'module' => 
  array (
    0 => 'index',
    1 => 'read',
    2 => 'index',
  ),
)
[ info ] [ HEADER ] array (
  'host' => 'localhost',
  'connection' => 'keep-alive',
  'upgrade-insecure-requests' => '1',
  'user-agent' => 'Mozilla/5.0 (Windows NT 10.0; Win64; x64) AppleWebKit/537.36 (KHTML, like Gecko) Chrome/59.0.3071.115 Safari/537.36',
  'accept' => 'text/html,application/xhtml+xml,application/xml;q=0.9,image/webp,image/apng,*/*;q=0.8',
  'accept-encoding' => 'gzip, deflate, br',
  'accept-language' => 'zh-CN,zh;q=0.8',
  'cookie' => 'Phpstorm-5547fa09=783ade7a-de49-4ae0-b7a2-0e4ea33c1bea; Phpstorm-bd2926e8=857be1c2-e28b-476d-b13e-3a6d848fae47; pgv_pvi=2761342976; _ga=GA1.1.1437015703.1490101787',
)
[ info ] [ PARAM ] array (
  'type' => 'trend',
  'id' => '111',
)
[ info ] [ RUN ] app\index\controller\Read->index[ D:\wamp64\www\project\iotstudio\application\index\controller\Read.php ]
[ info ] [ DB ] INIT mysql
[ info ] [ VIEW ] D:\wamp64\www\project\iotstudio/application/index\view\public\dispatch_jump.html [ array (
  0 => 'code',
  1 => 'msg',
  2 => 'data',
  3 => 'url',
  4 => 'wait',
) ]
[ info ] [ LOG ] INIT File
[ sql ] [ DB ] CONNECT:[ UseTime:0.002948s ] mysql:dbname=iotstudio;host=127.0.0.1;port=3306;charset=utf8
[ sql ] [ SQL ] SHOW COLUMNS FROM `trend` [ RunTime:0.000917s ]
[ sql ] [ SQL ] SELECT * FROM `trend` WHERE  `id` = 111 LIMIT 1 [ RunTime:0.000466s ]

---------------------------------------------------------------
[ 2017-07-20T12:08:03+08:00 ] ::1 ::1 GET /project/iotstudio/index/read/index.html?type=trend&id=36
[ log ] localhost/project/iotstudio/index/read/index.html?type=trend&id=36 [运行时间：0.065594s][吞吐率：15.25req/s] [内存消耗：3,841.55kb] [文件加载：57]
[ info ] [ LANG ] D:\wamp64\www\project\iotstudio\thinkphp\lang\zh-cn.php
[ info ] [ ROUTE ] array (
  'type' => 'module',
  'module' => 
  array (
    0 => 'index',
    1 => 'read',
    2 => 'index',
  ),
)
[ info ] [ HEADER ] array (
  'host' => 'localhost',
  'connection' => 'keep-alive',
  'cache-control' => 'max-age=0',
  'upgrade-insecure-requests' => '1',
  'user-agent' => 'Mozilla/5.0 (Windows NT 10.0; Win64; x64) AppleWebKit/537.36 (KHTML, like Gecko) Chrome/59.0.3071.115 Safari/537.36',
  'accept' => 'text/html,application/xhtml+xml,application/xml;q=0.9,image/webp,image/apng,*/*;q=0.8',
  'referer' => 'http://localhost/project/iotstudio/index/index/trends_1.html',
  'accept-encoding' => 'gzip, deflate, br',
  'accept-language' => 'zh-CN,zh;q=0.8',
  'cookie' => 'Phpstorm-5547fa09=783ade7a-de49-4ae0-b7a2-0e4ea33c1bea; Phpstorm-bd2926e8=857be1c2-e28b-476d-b13e-3a6d848fae47; pgv_pvi=2761342976; _ga=GA1.1.1437015703.1490101787',
)
[ info ] [ PARAM ] array (
  'type' => 'trend',
  'id' => '36',
)
[ info ] [ RUN ] app\index\controller\Read->index[ D:\wamp64\www\project\iotstudio\application\index\controller\Read.php ]
[ info ] [ DB ] INIT mysql
[ info ] [ VIEW ] D:\wamp64\www\project\iotstudio/application/index\view\Index\read.html [ array (
  0 => 'data',
  1 => 'pervious',
  2 => 'next',
) ]
[ info ] [ LOG ] INIT File
[ sql ] [ DB ] CONNECT:[ UseTime:0.002992s ] mysql:dbname=iotstudio;host=127.0.0.1;port=3306;charset=utf8
[ sql ] [ SQL ] SHOW COLUMNS FROM `trend` [ RunTime:0.001043s ]
[ sql ] [ SQL ] SELECT * FROM `trend` WHERE  `id` = 36 LIMIT 1 [ RunTime:0.000541s ]
[ sql ] [ SQL ] SELECT * FROM `trend` WHERE  `id` < 36 LIMIT 1 [ RunTime:0.001999s ]
[ sql ] [ SQL ] SELECT * FROM `trend` WHERE  `id` > 36 LIMIT 1 [ RunTime:0.000529s ]

---------------------------------------------------------------
[ 2017-07-20T12:12:18+08:00 ] ::1 ::1 GET /project/iotstudio/index/read/index.html?type=trend&id=36
[ log ] localhost/project/iotstudio/index/read/index.html?type=trend&id=36 [运行时间：0.067163s][吞吐率：14.89req/s] [内存消耗：3,841.55kb] [文件加载：57]
[ info ] [ LANG ] D:\wamp64\www\project\iotstudio\thinkphp\lang\zh-cn.php
[ info ] [ ROUTE ] array (
  'type' => 'module',
  'module' => 
  array (
    0 => 'index',
    1 => 'read',
    2 => 'index',
  ),
)
[ info ] [ HEADER ] array (
  'host' => 'localhost',
  'connection' => 'keep-alive',
  'cache-control' => 'max-age=0',
  'upgrade-insecure-requests' => '1',
  'user-agent' => 'Mozilla/5.0 (Windows NT 10.0; Win64; x64) AppleWebKit/537.36 (KHTML, like Gecko) Chrome/59.0.3071.115 Safari/537.36',
  'accept' => 'text/html,application/xhtml+xml,application/xml;q=0.9,image/webp,image/apng,*/*;q=0.8',
  'referer' => 'http://localhost/project/iotstudio/index/index/trends_1.html',
  'accept-encoding' => 'gzip, deflate, br',
  'accept-language' => 'zh-CN,zh;q=0.8',
  'cookie' => 'Phpstorm-5547fa09=783ade7a-de49-4ae0-b7a2-0e4ea33c1bea; Phpstorm-bd2926e8=857be1c2-e28b-476d-b13e-3a6d848fae47; pgv_pvi=2761342976; _ga=GA1.1.1437015703.1490101787',
)
[ info ] [ PARAM ] array (
  'type' => 'trend',
  'id' => '36',
)
[ info ] [ RUN ] app\index\controller\Read->index[ D:\wamp64\www\project\iotstudio\application\index\controller\Read.php ]
[ info ] [ DB ] INIT mysql
[ info ] [ VIEW ] D:\wamp64\www\project\iotstudio/application/index\view\Index\read.html [ array (
  0 => 'data',
  1 => 'pervious',
  2 => 'next',
) ]
[ info ] [ LOG ] INIT File
[ sql ] [ DB ] CONNECT:[ UseTime:0.003112s ] mysql:dbname=iotstudio;host=127.0.0.1;port=3306;charset=utf8
[ sql ] [ SQL ] SHOW COLUMNS FROM `trend` [ RunTime:0.001128s ]
[ sql ] [ SQL ] SELECT * FROM `trend` WHERE  `id` = 36 LIMIT 1 [ RunTime:0.000575s ]
[ sql ] [ SQL ] SELECT * FROM `trend` WHERE  `id` < 36 LIMIT 1 [ RunTime:0.001650s ]
[ sql ] [ SQL ] SELECT * FROM `trend` WHERE  `id` > 36 LIMIT 1 [ RunTime:0.000455s ]

---------------------------------------------------------------
[ 2017-07-20T12:12:19+08:00 ] ::1 ::1 GET /project/iotstudio/index/read/index.html?type=trend&id=36
[ log ] localhost/project/iotstudio/index/read/index.html?type=trend&id=36 [运行时间：0.038125s][吞吐率：26.23req/s] [内存消耗：3,656.23kb] [文件加载：55]
[ info ] [ LANG ] D:\wamp64\www\project\iotstudio\thinkphp\lang\zh-cn.php
[ info ] [ ROUTE ] array (
  'type' => 'module',
  'module' => 
  array (
    0 => 'index',
    1 => 'read',
    2 => 'index',
  ),
)
[ info ] [ HEADER ] array (
  'host' => 'localhost',
  'connection' => 'keep-alive',
  'cache-control' => 'max-age=0',
  'upgrade-insecure-requests' => '1',
  'user-agent' => 'Mozilla/5.0 (Windows NT 10.0; Win64; x64) AppleWebKit/537.36 (KHTML, like Gecko) Chrome/59.0.3071.115 Safari/537.36',
  'accept' => 'text/html,application/xhtml+xml,application/xml;q=0.9,image/webp,image/apng,*/*;q=0.8',
  'referer' => 'http://localhost/project/iotstudio/index/index/trends_1.html',
  'accept-encoding' => 'gzip, deflate, br',
  'accept-language' => 'zh-CN,zh;q=0.8',
  'cookie' => 'Phpstorm-5547fa09=783ade7a-de49-4ae0-b7a2-0e4ea33c1bea; Phpstorm-bd2926e8=857be1c2-e28b-476d-b13e-3a6d848fae47; pgv_pvi=2761342976; _ga=GA1.1.1437015703.1490101787',
)
[ info ] [ PARAM ] array (
  'type' => 'trend',
  'id' => '36',
)
[ info ] [ RUN ] app\index\controller\Read->index[ D:\wamp64\www\project\iotstudio\application\index\controller\Read.php ]
[ info ] [ DB ] INIT mysql
[ info ] [ VIEW ] D:\wamp64\www\project\iotstudio/application/index\view\Index\read.html [ array (
  0 => 'data',
  1 => 'pervious',
  2 => 'next',
) ]
[ info ] [ LOG ] INIT File
[ sql ] [ DB ] CONNECT:[ UseTime:0.002695s ] mysql:dbname=iotstudio;host=127.0.0.1;port=3306;charset=utf8
[ sql ] [ SQL ] SHOW COLUMNS FROM `trend` [ RunTime:0.000873s ]
[ sql ] [ SQL ] SELECT * FROM `trend` WHERE  `id` = 36 LIMIT 1 [ RunTime:0.000487s ]
[ sql ] [ SQL ] SELECT * FROM `trend` WHERE  `id` < 36 LIMIT 1 [ RunTime:0.001997s ]
[ sql ] [ SQL ] SELECT * FROM `trend` WHERE  `id` > 36 LIMIT 1 [ RunTime:0.000490s ]

---------------------------------------------------------------
[ 2017-07-20T12:12:20+08:00 ] ::1 ::1 GET /project/iotstudio/index/read/index.html?type=trend&id=36
[ log ] localhost/project/iotstudio/index/read/index.html?type=trend&id=36 [运行时间：0.040137s][吞吐率：24.91req/s] [内存消耗：3,656.23kb] [文件加载：55]
[ info ] [ LANG ] D:\wamp64\www\project\iotstudio\thinkphp\lang\zh-cn.php
[ info ] [ ROUTE ] array (
  'type' => 'module',
  'module' => 
  array (
    0 => 'index',
    1 => 'read',
    2 => 'index',
  ),
)
[ info ] [ HEADER ] array (
  'host' => 'localhost',
  'connection' => 'keep-alive',
  'cache-control' => 'max-age=0',
  'upgrade-insecure-requests' => '1',
  'user-agent' => 'Mozilla/5.0 (Windows NT 10.0; Win64; x64) AppleWebKit/537.36 (KHTML, like Gecko) Chrome/59.0.3071.115 Safari/537.36',
  'accept' => 'text/html,application/xhtml+xml,application/xml;q=0.9,image/webp,image/apng,*/*;q=0.8',
  'referer' => 'http://localhost/project/iotstudio/index/index/trends_1.html',
  'accept-encoding' => 'gzip, deflate, br',
  'accept-language' => 'zh-CN,zh;q=0.8',
  'cookie' => 'Phpstorm-5547fa09=783ade7a-de49-4ae0-b7a2-0e4ea33c1bea; Phpstorm-bd2926e8=857be1c2-e28b-476d-b13e-3a6d848fae47; pgv_pvi=2761342976; _ga=GA1.1.1437015703.1490101787',
)
[ info ] [ PARAM ] array (
  'type' => 'trend',
  'id' => '36',
)
[ info ] [ RUN ] app\index\controller\Read->index[ D:\wamp64\www\project\iotstudio\application\index\controller\Read.php ]
[ info ] [ DB ] INIT mysql
[ info ] [ VIEW ] D:\wamp64\www\project\iotstudio/application/index\view\Index\read.html [ array (
  0 => 'data',
  1 => 'pervious',
  2 => 'next',
) ]
[ info ] [ LOG ] INIT File
[ sql ] [ DB ] CONNECT:[ UseTime:0.002948s ] mysql:dbname=iotstudio;host=127.0.0.1;port=3306;charset=utf8
[ sql ] [ SQL ] SHOW COLUMNS FROM `trend` [ RunTime:0.001260s ]
[ sql ] [ SQL ] SELECT * FROM `trend` WHERE  `id` = 36 LIMIT 1 [ RunTime:0.000497s ]
[ sql ] [ SQL ] SELECT * FROM `trend` WHERE  `id` < 36 LIMIT 1 [ RunTime:0.001638s ]
[ sql ] [ SQL ] SELECT * FROM `trend` WHERE  `id` > 36 LIMIT 1 [ RunTime:0.000456s ]

---------------------------------------------------------------
[ 2017-07-20T12:12:32+08:00 ] ::1 ::1 GET /project/iotstudio/index/read/index.html?type=trend&id=36
[ log ] localhost/project/iotstudio/index/read/index.html?type=trend&id=36 [运行时间：0.080667s][吞吐率：12.40req/s] [内存消耗：3,841.72kb] [文件加载：57]
[ info ] [ LANG ] D:\wamp64\www\project\iotstudio\thinkphp\lang\zh-cn.php
[ info ] [ ROUTE ] array (
  'type' => 'module',
  'module' => 
  array (
    0 => 'index',
    1 => 'read',
    2 => 'index',
  ),
)
[ info ] [ HEADER ] array (
  'host' => 'localhost',
  'connection' => 'keep-alive',
  'cache-control' => 'max-age=0',
  'upgrade-insecure-requests' => '1',
  'user-agent' => 'Mozilla/5.0 (Windows NT 10.0; Win64; x64) AppleWebKit/537.36 (KHTML, like Gecko) Chrome/59.0.3071.115 Safari/537.36',
  'accept' => 'text/html,application/xhtml+xml,application/xml;q=0.9,image/webp,image/apng,*/*;q=0.8',
  'referer' => 'http://localhost/project/iotstudio/index/index/trends_1.html',
  'accept-encoding' => 'gzip, deflate, br',
  'accept-language' => 'zh-CN,zh;q=0.8',
  'cookie' => 'Phpstorm-5547fa09=783ade7a-de49-4ae0-b7a2-0e4ea33c1bea; Phpstorm-bd2926e8=857be1c2-e28b-476d-b13e-3a6d848fae47; pgv_pvi=2761342976; _ga=GA1.1.1437015703.1490101787',
)
[ info ] [ PARAM ] array (
  'type' => 'trend',
  'id' => '36',
)
[ info ] [ RUN ] app\index\controller\Read->index[ D:\wamp64\www\project\iotstudio\application\index\controller\Read.php ]
[ info ] [ DB ] INIT mysql
[ info ] [ VIEW ] D:\wamp64\www\project\iotstudio/application/index\view\Index\read.html [ array (
  0 => 'data',
  1 => 'pervious',
  2 => 'next',
) ]
[ info ] [ LOG ] INIT File
[ sql ] [ DB ] CONNECT:[ UseTime:0.003372s ] mysql:dbname=iotstudio;host=127.0.0.1;port=3306;charset=utf8
[ sql ] [ SQL ] SHOW COLUMNS FROM `trend` [ RunTime:0.001205s ]
[ sql ] [ SQL ] SELECT * FROM `trend` WHERE  `id` = 36 LIMIT 1 [ RunTime:0.000504s ]
[ sql ] [ SQL ] SELECT * FROM `trend` WHERE  `id` < 36 LIMIT 1 [ RunTime:0.001834s ]
[ sql ] [ SQL ] SELECT * FROM `trend` WHERE  `id` > 36 LIMIT 1 [ RunTime:0.000490s ]

---------------------------------------------------------------
[ 2017-07-20T12:12:33+08:00 ] ::1 ::1 GET /project/iotstudio/index/read/index.html?type=trend&id=36
[ log ] localhost/project/iotstudio/index/read/index.html?type=trend&id=36 [运行时间：0.039921s][吞吐率：25.05req/s] [内存消耗：3,656.23kb] [文件加载：55]
[ info ] [ LANG ] D:\wamp64\www\project\iotstudio\thinkphp\lang\zh-cn.php
[ info ] [ ROUTE ] array (
  'type' => 'module',
  'module' => 
  array (
    0 => 'index',
    1 => 'read',
    2 => 'index',
  ),
)
[ info ] [ HEADER ] array (
  'host' => 'localhost',
  'connection' => 'keep-alive',
  'cache-control' => 'max-age=0',
  'upgrade-insecure-requests' => '1',
  'user-agent' => 'Mozilla/5.0 (Windows NT 10.0; Win64; x64) AppleWebKit/537.36 (KHTML, like Gecko) Chrome/59.0.3071.115 Safari/537.36',
  'accept' => 'text/html,application/xhtml+xml,application/xml;q=0.9,image/webp,image/apng,*/*;q=0.8',
  'referer' => 'http://localhost/project/iotstudio/index/index/trends_1.html',
  'accept-encoding' => 'gzip, deflate, br',
  'accept-language' => 'zh-CN,zh;q=0.8',
  'cookie' => 'Phpstorm-5547fa09=783ade7a-de49-4ae0-b7a2-0e4ea33c1bea; Phpstorm-bd2926e8=857be1c2-e28b-476d-b13e-3a6d848fae47; pgv_pvi=2761342976; _ga=GA1.1.1437015703.1490101787',
)
[ info ] [ PARAM ] array (
  'type' => 'trend',
  'id' => '36',
)
[ info ] [ RUN ] app\index\controller\Read->index[ D:\wamp64\www\project\iotstudio\application\index\controller\Read.php ]
[ info ] [ DB ] INIT mysql
[ info ] [ VIEW ] D:\wamp64\www\project\iotstudio/application/index\view\Index\read.html [ array (
  0 => 'data',
  1 => 'pervious',
  2 => 'next',
) ]
[ info ] [ LOG ] INIT File
[ sql ] [ DB ] CONNECT:[ UseTime:0.002797s ] mysql:dbname=iotstudio;host=127.0.0.1;port=3306;charset=utf8
[ sql ] [ SQL ] SHOW COLUMNS FROM `trend` [ RunTime:0.000921s ]
[ sql ] [ SQL ] SELECT * FROM `trend` WHERE  `id` = 36 LIMIT 1 [ RunTime:0.000494s ]
[ sql ] [ SQL ] SELECT * FROM `trend` WHERE  `id` < 36 LIMIT 1 [ RunTime:0.001861s ]
[ sql ] [ SQL ] SELECT * FROM `trend` WHERE  `id` > 36 LIMIT 1 [ RunTime:0.000473s ]

---------------------------------------------------------------
[ 2017-07-20T12:12:55+08:00 ] ::1 ::1 GET /project/iotstudio/index/read/index.html?type=trend&id=36
[ log ] localhost/project/iotstudio/index/read/index.html?type=trend&id=36 [运行时间：0.061613s][吞吐率：16.23req/s] [内存消耗：3,841.72kb] [文件加载：57]
[ info ] [ LANG ] D:\wamp64\www\project\iotstudio\thinkphp\lang\zh-cn.php
[ info ] [ ROUTE ] array (
  'type' => 'module',
  'module' => 
  array (
    0 => 'index',
    1 => 'read',
    2 => 'index',
  ),
)
[ info ] [ HEADER ] array (
  'host' => 'localhost',
  'connection' => 'keep-alive',
  'cache-control' => 'max-age=0',
  'upgrade-insecure-requests' => '1',
  'user-agent' => 'Mozilla/5.0 (Windows NT 10.0; Win64; x64) AppleWebKit/537.36 (KHTML, like Gecko) Chrome/59.0.3071.115 Safari/537.36',
  'accept' => 'text/html,application/xhtml+xml,application/xml;q=0.9,image/webp,image/apng,*/*;q=0.8',
  'referer' => 'http://localhost/project/iotstudio/index/index/trends_1.html',
  'accept-encoding' => 'gzip, deflate, br',
  'accept-language' => 'zh-CN,zh;q=0.8',
  'cookie' => 'Phpstorm-5547fa09=783ade7a-de49-4ae0-b7a2-0e4ea33c1bea; Phpstorm-bd2926e8=857be1c2-e28b-476d-b13e-3a6d848fae47; pgv_pvi=2761342976; _ga=GA1.1.1437015703.1490101787',
)
[ info ] [ PARAM ] array (
  'type' => 'trend',
  'id' => '36',
)
[ info ] [ RUN ] app\index\controller\Read->index[ D:\wamp64\www\project\iotstudio\application\index\controller\Read.php ]
[ info ] [ DB ] INIT mysql
[ info ] [ VIEW ] D:\wamp64\www\project\iotstudio/application/index\view\Index\read.html [ array (
  0 => 'data',
  1 => 'pervious',
  2 => 'next',
) ]
[ info ] [ LOG ] INIT File
[ sql ] [ DB ] CONNECT:[ UseTime:0.002874s ] mysql:dbname=iotstudio;host=127.0.0.1;port=3306;charset=utf8
[ sql ] [ SQL ] SHOW COLUMNS FROM `trend` [ RunTime:0.000941s ]
[ sql ] [ SQL ] SELECT * FROM `trend` WHERE  `id` = 36 LIMIT 1 [ RunTime:0.000724s ]
[ sql ] [ SQL ] SELECT * FROM `trend` WHERE  `id` < 36 LIMIT 1 [ RunTime:0.001606s ]
[ sql ] [ SQL ] SELECT * FROM `trend` WHERE  `id` > 36 LIMIT 1 [ RunTime:0.000445s ]

---------------------------------------------------------------
